#
# There is insufficient memory for the Java Runtime Environment to continue.
# Native memory allocation (mmap) failed to map 132120576 bytes for G1 virtual space
# Possible reasons:
#   The system is out of physical RAM or swap space
#   The process is running with CompressedOops enabled, and the Java Heap may be blocking the growth of the native heap
# Possible solutions:
#   Reduce memory load on the system
#   Increase physical memory or swap space
#   Check if swap backing store is full
#   Decrease Java heap size (-Xmx/-Xms)
#   Decrease number of Java threads
#   Decrease Java thread stack sizes (-Xss)
#   Set larger code cache with -XX:ReservedCodeCacheSize=
#   JVM is running with Unscaled Compressed Oops mode in which the Java heap is
#     placed in the first 4GB address space. The Java Heap base address is the
#     maximum limit for the native heap growth. Please use -XX:HeapBaseMinAddress
#     to set the Java Heap base and to place the Java Heap above 4GB virtual address.
# This output file may be truncated or incomplete.
#
#  Out of Memory Error (os_windows.cpp:3528), pid=27988, tid=15820
#
# JRE version:  (20.0+36) (build )
# Java VM: Java HotSpot(TM) 64-Bit Server VM (20+36-2344, mixed mode, sharing, tiered, compressed oops, compressed class ptrs, g1 gc, windows-amd64)
# No core dump will be written. Minidumps are not enabled by default on client versions of Windows
#

---------------  S U M M A R Y ------------

Command Line: -Dfile.encoding=UTF-8 --module-path=C:\Users\91898\Documents\NetBeansProjects\BANK MANAGEMENT SYSTEM\build\classes bank.management.system.SignupThree

Host: Intel(R) Core(TM) i5-10210U CPU @ 1.60GHz, 8 cores, 7G,  Windows 11 , 64 bit Build 22621 (10.0.22621.1344)
Time: Thu Apr 13 22:28:32 2023 India Standard Time elapsed time: 0.011740 seconds (0d 0h 0m 0s)

---------------  T H R E A D  ---------------

Current thread (0x000001fcabbadff0):  JavaThread "Unknown thread" [_thread_in_vm, id=15820, stack(0x0000003705300000,0x0000003705400000)]

Stack: [0x0000003705300000,0x0000003705400000]
Native frames: (J=compiled Java code, j=interpreted, Vv=VM code, C=native code)
V  [jvm.dll+0x6bb95a]
V  [jvm.dll+0x8483aa]
V  [jvm.dll+0x849fa5]
V  [jvm.dll+0x84a6a3]
V  [jvm.dll+0x280b0f]
V  [jvm.dll+0x6b86e9]
V  [jvm.dll+0x6ad2da]
V  [jvm.dll+0x35adf5]
V  [jvm.dll+0x363016]
V  [jvm.dll+0x3b3b3e]
V  [jvm.dll+0x3b3dc5]
V  [jvm.dll+0x32b50a]
V  [jvm.dll+0x32c32b]
V  [jvm.dll+0x81106f]
V  [jvm.dll+0x3c0d91]
V  [jvm.dll+0x7fcd93]
V  [jvm.dll+0x44c76f]
V  [jvm.dll+0x44e0e1]
C  [jli.dll+0x5287]
C  [ucrtbase.dll+0x29363]
C  [KERNEL32.DLL+0x126bd]
C  [ntdll.dll+0x5a9f8]


---------------  P R O C E S S  ---------------

Threads class SMR info:
_java_thread_list=0x00007ff8b9e5a098, length=0, elements={
}

Java Threads: ( => current thread )

Other Threads:
  0x000001fcadd67a40 WorkerThread "GC Thread#0" [stack: 0x0000003705400000,0x0000003705500000] [id=1624]
  0x000001fcadd78710 ConcurrentGCThread "G1 Main Marker" [stack: 0x0000003705500000,0x0000003705600000] [id=9508]
  0x000001fcadd79140 WorkerThread "G1 Conc#0" [stack: 0x0000003705600000,0x0000003705700000] [id=11788]

[error occurred during error reporting (printing all threads), id 0xc0000005, EXCEPTION_ACCESS_VIOLATION (0xc0000005) at pc=0x00007ff8b963eb47]
VM state: not at safepoint (not fully initialized)

VM Mutex/Monitor currently owned by a thread:  ([mutex/lock_event])
[0x000001fcabbaa770] Heap_lock - owner thread: 0x000001fcabbadff0

Heap address: 0x0000000082a00000, size: 2006 MB, Compressed Oops mode: 32-bit

CDS archive(s) mapped at: [0x0000000000000000-0x0000000000000000-0x0000000000000000), size 0, SharedBaseAddress: 0x0000000800000000, ArchiveRelocationMode: 0.
Narrow klass base: 0x0000000000000000, Narrow klass shift: 0, Narrow klass range: 0x0

GC Precious Log:
 CardTable entry size: 512
 Card Set container configuration: InlinePtr #cards 5 size 8 Array Of Cards #cards 12 size 40 Howl #buckets 4 coarsen threshold 1843 Howl Bitmap #cards 512 size 80 coarsen threshold 460 Card regions per heap region 1 cards per card region 2048

Heap:
 garbage-first heap   total 0K, used 0K [0x0000000082a00000, 0x0000000100000000)
  region size 1024K, 0 young (0K), 0 survivors (0K)

[error occurred during error reporting (printing heap information), id 0xc0000005, EXCEPTION_ACCESS_VIOLATION (0xc0000005) at pc=0x00007ff8b9a13c59]
GC Heap History (0 events):
No events

Dll operation events (1 events):
Event: 0.008 Loaded shared library C:\Program Files\Java\jdk-20\bin\java.dll

Deoptimization events (0 events):
No events

Classes loaded (0 events):
No events

Classes unloaded (0 events):
No events

Classes redefined (0 events):
No events

Internal exceptions (0 events):
No events

VM Operations (0 events):
No events

Events (0 events):
No events


Dynamic libraries:
0x00007ff69e3a0000 - 0x00007ff69e3b0000 	C:\Program Files\Java\jdk-20\bin\java.exe
0x00007ff90e010000 - 0x00007ff90e224000 	C:\WINDOWS\SYSTEM32\ntdll.dll
0x00007ff90d1c0000 - 0x00007ff90d283000 	C:\WINDOWS\System32\KERNEL32.DLL
0x00007ff90b890000 - 0x00007ff90bc2c000 	C:\WINDOWS\System32\KERNELBASE.dll
0x00007ff9084b0000 - 0x00007ff908547000 	C:\WINDOWS\SYSTEM32\apphelp.dll
0x00007ff90b4d0000 - 0x00007ff90b5e1000 	C:\WINDOWS\System32\ucrtbase.dll
0x00007ff9067a0000 - 0x00007ff9067bb000 	C:\Program Files\Java\jdk-20\bin\VCRUNTIME140.dll
0x00007ff908200000 - 0x00007ff908219000 	C:\Program Files\Java\jdk-20\bin\jli.dll
0x00007ff90d110000 - 0x00007ff90d1be000 	C:\WINDOWS\System32\ADVAPI32.dll
0x00007ff90df20000 - 0x00007ff90dfc7000 	C:\WINDOWS\System32\msvcrt.dll
0x00007ff90c4c0000 - 0x00007ff90c564000 	C:\WINDOWS\System32\sechost.dll
0x00007ff90c3a0000 - 0x00007ff90c4b5000 	C:\WINDOWS\System32\RPCRT4.dll
0x00007ff90be60000 - 0x00007ff90c00d000 	C:\WINDOWS\System32\USER32.dll
0x00007ff90bdf0000 - 0x00007ff90be16000 	C:\WINDOWS\System32\win32u.dll
0x00007ff8f2670000 - 0x00007ff8f28fe000 	C:\WINDOWS\WinSxS\amd64_microsoft.windows.common-controls_6595b64144ccf1df_6.0.22621.608_none_a9444ca7c10bb01d\COMCTL32.dll
0x00007ff90be20000 - 0x00007ff90be49000 	C:\WINDOWS\System32\GDI32.dll
0x00007ff90bcd0000 - 0x00007ff90bde3000 	C:\WINDOWS\System32\gdi32full.dll
0x00007ff90bc30000 - 0x00007ff90bcca000 	C:\WINDOWS\System32\msvcp_win.dll
0x00007ff9042f0000 - 0x00007ff9042fa000 	C:\WINDOWS\SYSTEM32\VERSION.dll
0x00007ff90cfb0000 - 0x00007ff90cfe1000 	C:\WINDOWS\System32\IMM32.DLL
0x00007ff906830000 - 0x00007ff90683c000 	C:\Program Files\Java\jdk-20\bin\vcruntime140_1.dll
0x00007ff8ec630000 - 0x00007ff8ec6be000 	C:\Program Files\Java\jdk-20\bin\msvcp140.dll
0x00007ff8b9300000 - 0x00007ff8b9f97000 	C:\Program Files\Java\jdk-20\bin\server\jvm.dll
0x00007ff904350000 - 0x00007ff904384000 	C:\WINDOWS\SYSTEM32\WINMM.dll
0x00007ff8f7f50000 - 0x00007ff8f7f59000 	C:\WINDOWS\SYSTEM32\WSOCK32.dll
0x00007ff90dbd0000 - 0x00007ff90dc41000 	C:\WINDOWS\System32\WS2_32.dll
0x00007ff90a4a0000 - 0x00007ff90a4b8000 	C:\WINDOWS\SYSTEM32\kernel.appcore.dll
0x00007ff905590000 - 0x00007ff90559a000 	C:\Program Files\Java\jdk-20\bin\jimage.dll
0x00007ff908e90000 - 0x00007ff9090be000 	C:\WINDOWS\SYSTEM32\DBGHELP.DLL
0x00007ff90c010000 - 0x00007ff90c399000 	C:\WINDOWS\System32\combase.dll
0x00007ff90d450000 - 0x00007ff90d527000 	C:\WINDOWS\System32\OLEAUT32.dll
0x00007ff8f4520000 - 0x00007ff8f4552000 	C:\WINDOWS\SYSTEM32\dbgcore.DLL
0x00007ff90b450000 - 0x00007ff90b4cb000 	C:\WINDOWS\System32\bcryptPrimitives.dll
0x00007ff8f2ac0000 - 0x00007ff8f2ae6000 	C:\Program Files\Java\jdk-20\bin\java.dll

dbghelp: loaded successfully - version: 4.0.5 - missing functions: none
symbol engine: initialized successfully - sym options: 0x614 - pdb path: .;C:\Program Files\Java\jdk-20\bin;C:\WINDOWS\SYSTEM32;C:\WINDOWS\WinSxS\amd64_microsoft.windows.common-controls_6595b64144ccf1df_6.0.22621.608_none_a9444ca7c10bb01d;C:\Program Files\Java\jdk-20\bin\server

VM Arguments:
jvm_args: -Dfile.encoding=UTF-8 --module-path=C:\Users\91898\Documents\NetBeansProjects\BANK MANAGEMENT SYSTEM\build\classes 
java_command: bank.management.system.SignupThree
java_class_path (initial): C:\Users\91898\Downloads\jcalendar-tz-1.3.3-4.jar;C:\Users\91898\Downloads\mysql-connector-java-8.0.28.jar;C:\Users\91898\Documents\NetBeansProjects\BANK MANAGEMENT SYSTEM\build\classes
Launcher Type: SUN_STANDARD

[Global flags]
     intx CICompilerCount                          = 4                                         {product} {ergonomic}
     uint ConcGCThreads                            = 2                                         {product} {ergonomic}
     uint G1ConcRefinementThreads                  = 8                                         {product} {ergonomic}
   size_t G1HeapRegionSize                         = 1048576                                   {product} {ergonomic}
    uintx GCDrainStackTargetSize                   = 64                                        {product} {ergonomic}
   size_t InitialHeapSize                          = 132120576                                 {product} {ergonomic}
   size_t MarkStackSize                            = 4194304                                   {product} {ergonomic}
   size_t MaxHeapSize                              = 2103443456                                {product} {ergonomic}
   size_t MinHeapDeltaBytes                        = 1048576                                   {product} {ergonomic}
   size_t MinHeapSize                              = 8388608                                   {product} {ergonomic}
    uintx NonNMethodCodeHeapSize                   = 5839372                                {pd product} {ergonomic}
    uintx NonProfiledCodeHeapSize                  = 122909434                              {pd product} {ergonomic}
    uintx ProfiledCodeHeapSize                     = 122909434                              {pd product} {ergonomic}
    uintx ReservedCodeCacheSize                    = 251658240                              {pd product} {ergonomic}
     bool SegmentedCodeCache                       = true                                      {product} {ergonomic}
   size_t SoftMaxHeapSize                          = 2103443456                             {manageable} {ergonomic}
     bool UseCompressedClassPointers               = true                           {product lp64_product} {ergonomic}
     bool UseCompressedOops                        = true                           {product lp64_product} {ergonomic}
     bool UseG1GC                                  = true                                      {product} {ergonomic}
     bool UseLargePagesIndividualAllocation        = false                                  {pd product} {ergonomic}

Logging:
Log output configuration:
 #0: stdout all=warning uptime,level,tags foldmultilines=false
 #1: stderr all=off uptime,level,tags foldmultilines=false

Environment Variables:
PATH=C:\Program Files\Common Files\Oracle\Java\javapath;C:\WINDOWS\system32;C:\WINDOWS;C:\WINDOWS\System32\Wbem;C:\WINDOWS\System32\WindowsPowerShell\v1.0\;C:\WINDOWS\System32\OpenSSH\;C:\Program Files\nodejs\;C:\Users\91898\AppData\Local\Microsoft\WindowsApps;C:\Users\91898\AppData\Local\atom\bin;C:\Users\91898\AppData\Local\Microsoft\WindowsApps;;C:\Users\91898\AppData\Local\Programs\Microsoft VS Code\bin;C:\Users\91898\AppData\Roaming\npm
USERNAME=Gaurav Suman
OS=Windows_NT
PROCESSOR_IDENTIFIER=Intel64 Family 6 Model 142 Stepping 12, GenuineIntel
TMP=C:\Users\91898\AppData\Local\Temp
TEMP=C:\Users\91898\AppData\Local\Temp




---------------  S Y S T E M  ---------------

OS:
 Windows 11 , 64 bit Build 22621 (10.0.22621.1344)
OS uptime: 13 days 4:15 hours

CPU: total 8 (initial active 8) (4 cores per cpu, 2 threads per core) family 6 model 142 stepping 12 microcode 0xde, cx8, cmov, fxsr, ht, mmx, 3dnowpref, sse, sse2, sse3, ssse3, sse4.1, sse4.2, popcnt, lzcnt, tsc, tscinvbit, avx, avx2, aes, erms, clmul, bmi1, bmi2, adx, fma, vzeroupper, clflush, clflushopt, rdtscp, f16c

Memory: 4k page, system-wide physical 8016M (908M free)
TotalPageFile size 26782M (AvailPageFile size 60M)
current process WorkingSet (physical memory assigned to process): 12M, peak: 12M
current process commit charge ("private bytes"): 60M, peak: 186M

vm_info: Java HotSpot(TM) 64-Bit Server VM (20+36-2344) for windows-amd64 JRE (20+36-2344), built on 2023-02-10T19:30:15Z by "mach5one" with MS VC++ 17.1 (VS2022)

END.
