#
# There is insufficient memory for the Java Runtime Environment to continue.
# Native memory allocation (malloc) failed to allocate 814720 bytes for Chunk::new
# Possible reasons:
#   The system is out of physical RAM or swap space
#   The process is running with CompressedOops enabled, and the Java Heap may be blocking the growth of the native heap
# Possible solutions:
#   Reduce memory load on the system
#   Increase physical memory or swap space
#   Check if swap backing store is full
#   Decrease Java heap size (-Xmx/-Xms)
#   Decrease number of Java threads
#   Decrease Java thread stack sizes (-Xss)
#   Set larger code cache with -XX:ReservedCodeCacheSize=
#   JVM is running with Unscaled Compressed Oops mode in which the Java heap is
#     placed in the first 4GB address space. The Java Heap base address is the
#     maximum limit for the native heap growth. Please use -XX:HeapBaseMinAddress
#     to set the Java Heap base and to place the Java Heap above 4GB virtual address.
# This output file may be truncated or incomplete.
#
#  Out of Memory Error (arena.cpp:184), pid=16596, tid=2516
#
# JRE version: Java(TM) SE Runtime Environment (20.0+36) (build 20+36-2344)
# Java VM: Java HotSpot(TM) 64-Bit Server VM (20+36-2344, mixed mode, sharing, tiered, compressed oops, compressed class ptrs, g1 gc, windows-amd64)
# No core dump will be written. Minidumps are not enabled by default on client versions of Windows
#

---------------  S U M M A R Y ------------

Command Line: -Dapplication.home=C:\Program Files\Java\jdk-20 --add-modules=ALL-DEFAULT -Xms8m -Djdk.module.main=jdk.compiler jdk.compiler/com.sun.tools.javac.Main -d C:\Users\91898\Documents\NetBeansProjects\BANK MANAGEMENT SYSTEM\build\classes -classpath C:\Users\91898\Documents\NetBeansProjects\BANK MANAGEMENT SYSTEM\build\classes;C:\Users\91898\Downloads\jcalendar-tz-1.3.3-4.jar;C:\Users\91898\Downloads\mysql-connector-java-8.0.28.jar -sourcepath C:\Users\91898\Documents\NetBeansProjects\BANK MANAGEMENT SYSTEM\build\empty -target 20 -encoding UTF-8 -g -processorpath C:\Users\91898\Downloads\jcalendar-tz-1.3.3-4.jar;C:\Users\91898\Downloads\mysql-connector-java-8.0.28.jar;C:\Users\91898\Documents\NetBeansProjects\BANK MANAGEMENT SYSTEM\build\empty -s C:\Users\91898\Documents\NetBeansProjects\BANK MANAGEMENT SYSTEM\build\generated-sources\ap-source-output -source 20 C:\Users\91898\Documents\NetBeansProjects\BANK MANAGEMENT SYSTEM\src\bank\management\system\BalanceEnquiry.java C:\Users\91898\Documents\NetBeansProjects\BANK MANAGEMENT SYSTEM\src\bank\management\system\Conn.java C:\Users\91898\Documents\NetBeansProjects\BANK MANAGEMENT SYSTEM\src\bank\management\system\Deposit.java C:\Users\91898\Documents\NetBeansProjects\BANK MANAGEMENT SYSTEM\src\bank\management\system\FastCash.java C:\Users\91898\Documents\NetBeansProjects\BANK MANAGEMENT SYSTEM\src\bank\management\system\Login.java C:\Users\91898\Documents\NetBeansProjects\BANK MANAGEMENT SYSTEM\src\bank\management\system\MiniStatement.java C:\Users\91898\Documents\NetBeansProjects\BANK MANAGEMENT SYSTEM\src\bank\management\system\Pin.java C:\Users\91898\Documents\NetBeansProjects\BANK MANAGEMENT SYSTEM\src\bank\management\system\Practice.java C:\Users\91898\Documents\NetBeansProjects\BANK MANAGEMENT SYSTEM\src\bank\management\system\SignupOne.java C:\Users\91898\Documents\NetBeansProjects\BANK MANAGEMENT SYSTEM\src\bank\management\system\SignupThree.java C:\Users\91898\Documents\NetBeansProjects\BANK MANAGEMENT SYSTEM\src\bank\management\system\SignupTwo.java C:\Users\91898\Documents\NetBeansProjects\BANK MANAGEMENT SYSTEM\src\bank\management\system\Transactions.java C:\Users\91898\Documents\NetBeansProjects\BANK MANAGEMENT SYSTEM\src\bank\management\system\Withdrawl.java

Host: Intel(R) Core(TM) i5-10210U CPU @ 1.60GHz, 8 cores, 7G,  Windows 11 , 64 bit Build 22621 (10.0.22621.1344)
Time: Thu Apr 13 22:30:10 2023 India Standard Time elapsed time: 0.744226 seconds (0d 0h 0m 0s)

---------------  T H R E A D  ---------------

Current thread (0x0000014f69cd1980):  JavaThread "C2 CompilerThread2" daemon [_thread_in_native, id=2516, stack(0x0000004652f00000,0x0000004653000000)]


Current CompileTask:
C2:    744 1416       4       jdk.internal.jimage.ImageLocation::getFullName (109 bytes)

Stack: [0x0000004652f00000,0x0000004653000000]
Native frames: (J=compiled Java code, j=interpreted, Vv=VM code, C=native code)
V  [jvm.dll+0x6bb95a]
V  [jvm.dll+0x8483aa]
V  [jvm.dll+0x849fa5]
V  [jvm.dll+0x84a6a3]
V  [jvm.dll+0x280b0f]
V  [jvm.dll+0xc2b11]
V  [jvm.dll+0xc2e35]
V  [jvm.dll+0x3bb17c]
V  [jvm.dll+0x1e6c43]
V  [jvm.dll+0x24b3ab]
V  [jvm.dll+0x24a651]
V  [jvm.dll+0x1ce491]
V  [jvm.dll+0x259e1b]
V  [jvm.dll+0x2584f0]
V  [jvm.dll+0x3f2895]
V  [jvm.dll+0x7f4906]
V  [jvm.dll+0x6ba5cb]
C  [ucrtbase.dll+0x29363]
C  [KERNEL32.DLL+0x126bd]
C  [ntdll.dll+0x5a9f8]


---------------  P R O C E S S  ---------------

Threads class SMR info:
_java_thread_list=0x0000014f69cd2080, length=13, elements={
0x0000014f4691f770, 0x0000014f469ce6a0, 0x0000014f64c79e00, 0x0000014f64c7d8f0,
0x0000014f64c80840, 0x0000014f64c81220, 0x0000014f64c7ec30, 0x0000014f64c7f8a0,
0x0000014f64c85490, 0x0000014f469b5730, 0x0000014f69504a50, 0x0000014f69c356c0,
0x0000014f69cd1980
}

Java Threads: ( => current thread )
  0x0000014f4691f770 JavaThread "main" [_thread_in_vm, id=24748, stack(0x0000004651700000,0x0000004651800000)]
  0x0000014f469ce6a0 JavaThread "Reference Handler" daemon [_thread_blocked, id=24908, stack(0x0000004651e00000,0x0000004651f00000)]
  0x0000014f64c79e00 JavaThread "Finalizer" daemon [_thread_blocked, id=21788, stack(0x0000004651f00000,0x0000004652000000)]
  0x0000014f64c7d8f0 JavaThread "Signal Dispatcher" daemon [_thread_blocked, id=21180, stack(0x0000004652000000,0x0000004652100000)]
  0x0000014f64c80840 JavaThread "Attach Listener" daemon [_thread_blocked, id=24124, stack(0x0000004652100000,0x0000004652200000)]
  0x0000014f64c81220 JavaThread "Service Thread" daemon [_thread_blocked, id=24864, stack(0x0000004652200000,0x0000004652300000)]
  0x0000014f64c7ec30 JavaThread "Monitor Deflation Thread" daemon [_thread_blocked, id=23452, stack(0x0000004652300000,0x0000004652400000)]
  0x0000014f64c7f8a0 JavaThread "C2 CompilerThread0" daemon [_thread_in_native, id=27888, stack(0x0000004652400000,0x0000004652500000)]
  0x0000014f64c85490 JavaThread "C1 CompilerThread0" daemon [_thread_in_native, id=25368, stack(0x0000004652500000,0x0000004652600000)]
  0x0000014f469b5730 JavaThread "Common-Cleaner" daemon [_thread_blocked, id=27036, stack(0x0000004652600000,0x0000004652700000)]
  0x0000014f69504a50 JavaThread "Notification Thread" daemon [_thread_blocked, id=21296, stack(0x0000004652700000,0x0000004652800000)]
  0x0000014f69c356c0 JavaThread "C2 CompilerThread1" daemon [_thread_in_native, id=9360, stack(0x0000004652e00000,0x0000004652f00000)]
=>0x0000014f69cd1980 JavaThread "C2 CompilerThread2" daemon [_thread_in_native, id=2516, stack(0x0000004652f00000,0x0000004653000000)]

Other Threads:
  0x0000014f469c5650 VMThread "VM Thread" [stack: 0x0000004651d00000,0x0000004651e00000] [id=9528]
  0x0000014f69532820 WatcherThread "VM Periodic Task Thread" [stack: 0x0000004652800000,0x0000004652900000] [id=16984]
  0x0000014f4697dc10 WorkerThread "GC Thread#0" [stack: 0x0000004651800000,0x0000004651900000] [id=21384]
  0x0000014f69767a60 WorkerThread "GC Thread#1" [stack: 0x0000004652900000,0x0000004652a00000] [id=2660]
  0x0000014f697a2170 WorkerThread "GC Thread#2" [stack: 0x0000004652a00000,0x0000004652b00000] [id=26680]
  0x0000014f697a2850 WorkerThread "GC Thread#3" [stack: 0x0000004652b00000,0x0000004652c00000] [id=27080]
  0x0000014f697fe9e0 WorkerThread "GC Thread#4" [stack: 0x0000004652c00000,0x0000004652d00000] [id=21832]
  0x0000014f69930150 WorkerThread "GC Thread#5" [stack: 0x0000004652d00000,0x0000004652e00000] [id=5396]
  0x0000014f6a079120 WorkerThread "GC Thread#6" [stack: 0x0000004653000000,0x0000004653100000] [id=14332]
  0x0000014f4698e7e0 ConcurrentGCThread "G1 Main Marker" [stack: 0x0000004651900000,0x0000004651a00000] [id=24692]
  0x0000014f4698f110 WorkerThread "G1 Conc#0" [stack: 0x0000004651a00000,0x0000004651b00000] [id=12512]
  0x0000014f6a078e50 WorkerThread "G1 Conc#1" [stack: 0x0000004653100000,0x0000004653200000] [id=22736]
  0x0000014f469a41b0 ConcurrentGCThread "G1 Refine#0" [stack: 0x0000004651b00000,0x0000004651c00000] [id=11232]
  0x0000014f469a5a00 ConcurrentGCThread "G1 Service" [stack: 0x0000004651c00000,0x0000004651d00000] [id=16732]

Threads with active compile tasks:
C2 CompilerThread0      756 1508   !   4       com.sun.tools.javac.jvm.ClassReader::classSigToType (497 bytes)
C2 CompilerThread1      756 1726   !   4       com.sun.tools.javac.code.Symbol$ClassSymbol::complete (52 bytes)
C2 CompilerThread2      756 1416       4       jdk.internal.jimage.ImageLocation::getFullName (109 bytes)

VM state: not at safepoint (normal execution)

VM Mutex/Monitor currently owned by a thread: None

Heap address: 0x0000000082a00000, size: 2006 MB, Compressed Oops mode: 32-bit

CDS archive(s) mapped at: [0x0000000800000000-0x0000000800c60000-0x0000000800c60000), size 12976128, SharedBaseAddress: 0x0000000800000000, ArchiveRelocationMode: 0.
Compressed class space mapped at: 0x0000000801000000-0x0000000841000000, reserved size: 1073741824
Narrow klass base: 0x0000000800000000, Narrow klass shift: 0, Narrow klass range: 0x100000000

GC Precious Log:
 CardTable entry size: 512
 Card Set container configuration: InlinePtr #cards 5 size 8 Array Of Cards #cards 12 size 40 Howl #buckets 4 coarsen threshold 1843 Howl Bitmap #cards 512 size 80 coarsen threshold 460 Card regions per heap region 1 cards per card region 2048
 CPUs: 8 total, 8 available
 Memory: 8016M
 Large Page Support: Disabled
 NUMA Support: Disabled
 Compressed Oops: Enabled (32-bit)
 Heap Region Size: 1M
 Heap Min Capacity: 8M
 Heap Initial Capacity: 8M
 Heap Max Capacity: 2006M
 Pre-touch: Disabled
 Parallel Workers: 8
 Concurrent Workers: 2
 Concurrent Refinement Workers: 8
 Periodic GC: Disabled

Heap:
 garbage-first heap   total 32768K, used 10688K [0x0000000082a00000, 0x0000000100000000)
  region size 1024K, 4 young (4096K), 1 survivors (1024K)
 Metaspace       used 9648K, committed 9856K, reserved 1114112K
  class space    used 1069K, committed 1152K, reserved 1048576K

Heap Regions: E=young(eden), S=young(survivor), O=old, HS=humongous(starts), HC=humongous(continues), CS=collection set, F=free, OA=open archive, CA=closed archive, TAMS=top-at-mark-start, PB=parsable bottom
|   0|0x0000000082a00000, 0x0000000082b00000, 0x0000000082b00000|100%| O|  |TAMS 0x0000000082a00000| PB 0x0000000082a00000| Untracked 
|   1|0x0000000082b00000, 0x0000000082c00000, 0x0000000082c00000|100%| O|  |TAMS 0x0000000082b00000| PB 0x0000000082b00000| Untracked 
|   2|0x0000000082c00000, 0x0000000082d00000, 0x0000000082d00000|100%| O|  |TAMS 0x0000000082c00000| PB 0x0000000082c00000| Untracked 
|   3|0x0000000082d00000, 0x0000000082e00000, 0x0000000082e00000|100%| O|  |TAMS 0x0000000082d00000| PB 0x0000000082d00000| Untracked 
|   4|0x0000000082e00000, 0x0000000082f00000, 0x0000000082f00000|100%| O|  |TAMS 0x0000000082e00000| PB 0x0000000082e00000| Untracked 
|   5|0x0000000082f00000, 0x0000000083000000, 0x0000000083000000|100%| O|  |TAMS 0x0000000082f00000| PB 0x0000000082f00000| Complete 
|   6|0x0000000083000000, 0x0000000083100000, 0x0000000083100000|100%| O|  |TAMS 0x0000000083000000| PB 0x0000000083000000| Untracked 
|   7|0x0000000083100000, 0x0000000083176800, 0x0000000083200000| 46%| O|  |TAMS 0x0000000083100000| PB 0x0000000083100000| Untracked 
|   8|0x0000000083200000, 0x0000000083200000, 0x0000000083300000|  0%| F|  |TAMS 0x0000000083200000| PB 0x0000000083200000| Untracked 
|   9|0x0000000083300000, 0x0000000083300000, 0x0000000083400000|  0%| F|  |TAMS 0x0000000083300000| PB 0x0000000083300000| Untracked 
|  10|0x0000000083400000, 0x00000000834f9ae0, 0x0000000083500000| 97%| S|CS|TAMS 0x0000000083400000| PB 0x0000000083400000| Complete 
|  11|0x0000000083500000, 0x0000000083500000, 0x0000000083600000|  0%| F|  |TAMS 0x0000000083500000| PB 0x0000000083500000| Untracked 
|  12|0x0000000083600000, 0x0000000083600000, 0x0000000083700000|  0%| F|  |TAMS 0x0000000083600000| PB 0x0000000083600000| Untracked 
|  13|0x0000000083700000, 0x0000000083700000, 0x0000000083800000|  0%| F|  |TAMS 0x0000000083700000| PB 0x0000000083700000| Untracked 
|  14|0x0000000083800000, 0x0000000083800000, 0x0000000083900000|  0%| F|  |TAMS 0x0000000083800000| PB 0x0000000083800000| Untracked 
|  15|0x0000000083900000, 0x0000000083900000, 0x0000000083a00000|  0%| F|  |TAMS 0x0000000083900000| PB 0x0000000083900000| Untracked 
|  16|0x0000000083a00000, 0x0000000083a00000, 0x0000000083b00000|  0%| F|  |TAMS 0x0000000083a00000| PB 0x0000000083a00000| Untracked 
|  17|0x0000000083b00000, 0x0000000083b00000, 0x0000000083c00000|  0%| F|  |TAMS 0x0000000083b00000| PB 0x0000000083b00000| Untracked 
|  18|0x0000000083c00000, 0x0000000083c00000, 0x0000000083d00000|  0%| F|  |TAMS 0x0000000083c00000| PB 0x0000000083c00000| Untracked 
|  19|0x0000000083d00000, 0x0000000083d00000, 0x0000000083e00000|  0%| F|  |TAMS 0x0000000083d00000| PB 0x0000000083d00000| Untracked 
|  20|0x0000000083e00000, 0x0000000083e00000, 0x0000000083f00000|  0%| F|  |TAMS 0x0000000083e00000| PB 0x0000000083e00000| Untracked 
|  21|0x0000000083f00000, 0x0000000083f00000, 0x0000000084000000|  0%| F|  |TAMS 0x0000000083f00000| PB 0x0000000083f00000| Untracked 
|  22|0x0000000084000000, 0x0000000084000000, 0x0000000084100000|  0%| F|  |TAMS 0x0000000084000000| PB 0x0000000084000000| Untracked 
|  23|0x0000000084100000, 0x0000000084100000, 0x0000000084200000|  0%| F|  |TAMS 0x0000000084100000| PB 0x0000000084100000| Untracked 
|  24|0x0000000084200000, 0x0000000084200000, 0x0000000084300000|  0%| F|  |TAMS 0x0000000084200000| PB 0x0000000084200000| Untracked 
|  25|0x0000000084300000, 0x0000000084300000, 0x0000000084400000|  0%| F|  |TAMS 0x0000000084300000| PB 0x0000000084300000| Untracked 
|  26|0x0000000084400000, 0x0000000084400000, 0x0000000084500000|  0%| F|  |TAMS 0x0000000084400000| PB 0x0000000084400000| Untracked 
|  27|0x0000000084500000, 0x0000000084500000, 0x0000000084600000|  0%| F|  |TAMS 0x0000000084500000| PB 0x0000000084500000| Untracked 
|  28|0x0000000084600000, 0x0000000084600000, 0x0000000084700000|  0%| F|  |TAMS 0x0000000084600000| PB 0x0000000084600000| Untracked 
|  29|0x0000000084700000, 0x00000000847b6f18, 0x0000000084800000| 71%| E|  |TAMS 0x0000000084700000| PB 0x0000000084700000| Complete 
|  30|0x0000000084800000, 0x0000000084900000, 0x0000000084900000|100%| E|CS|TAMS 0x0000000084800000| PB 0x0000000084800000| Complete 
|  31|0x0000000084900000, 0x0000000084a00000, 0x0000000084a00000|100%| E|CS|TAMS 0x0000000084900000| PB 0x0000000084900000| Complete 

Card table byte_map: [0x0000014f60000000,0x0000014f603f0000] _byte_map_base: 0x0000014f5fbeb000

Marking Bits: (CMBitMap*) 0x0000014f4697e140
 Bits: [0x0000014f607e0000, 0x0000014f62738000)

Polling page: 0x0000014f469d0000

Metaspace:

Usage:
  Non-class:      8.38 MB used.
      Class:      1.05 MB used.
       Both:      9.43 MB used.

Virtual space:
  Non-class space:       64.00 MB reserved,       8.50 MB ( 13%) committed,  1 nodes.
      Class space:        1.00 GB reserved,       1.12 MB ( <1%) committed,  1 nodes.
             Both:        1.06 GB reserved,       9.62 MB ( <1%) committed. 

Chunk freelists:
   Non-Class:  1.53 MB
       Class:  2.84 MB
        Both:  4.38 MB

MaxMetaspaceSize: unlimited
CompressedClassSpaceSize: 1.00 GB
Initial GC threshold: 21.00 MB
Current GC threshold: 21.00 MB
CDS: on
MetaspaceReclaimPolicy: balanced
 - commit_granule_bytes: 65536.
 - commit_granule_words: 8192.
 - virtual_space_node_default_size: 8388608.
 - enlarge_chunks_in_place: 1.
 - new_chunks_are_fully_committed: 0.
 - uncommit_free_chunks: 1.
 - use_allocation_guard: 0.


Internal statistics:

num_allocs_failed_limit: 0.
num_arena_births: 70.
num_arena_deaths: 0.
num_vsnodes_births: 2.
num_vsnodes_deaths: 0.
num_space_committed: 154.
num_space_uncommitted: 0.
num_chunks_returned_to_freelist: 0.
num_chunks_taken_from_freelist: 384.
num_chunk_merges: 0.
num_chunk_splits: 275.
num_chunks_enlarged: 218.
num_inconsistent_stats: 0.

CodeHeap 'non-profiled nmethods': size=120000Kb used=564Kb max_used=564Kb free=119435Kb
 bounds [0x0000014f57c80000, 0x0000014f57ef0000, 0x0000014f5f1b0000]
CodeHeap 'profiled nmethods': size=120000Kb used=2871Kb max_used=2995Kb free=117128Kb
 bounds [0x0000014f501b0000, 0x0000014f504a0000, 0x0000014f576e0000]
CodeHeap 'non-nmethods': size=5760Kb used=1415Kb max_used=1468Kb free=4344Kb
 bounds [0x0000014f576e0000, 0x0000014f57950000, 0x0000014f57c80000]
 total_blobs=2024 nmethods=1568 adapters=366
 compilation: enabled
              stopped_count=0, restarted_count=0
 full_count=0

Compilation events (20 events):
Event: 0.736 Thread 0x0000014f64c85490 1682       1       com.sun.tools.javac.jvm.ClassReader$AnnotationDeproxy::visitConstant (6 bytes)
Event: 0.736 Thread 0x0000014f64c85490 nmethod 1682 0x0000014f57c8dc10 code [0x0000014f57c8dda0, 0x0000014f57c8deb8]
Event: 0.736 Thread 0x0000014f64c85490 1680   !   3       jdk.internal.misc.ScopedMemoryAccess::copyMemory (27 bytes)
Event: 0.737 Thread 0x0000014f64c85490 nmethod 1680 0x0000014f50223690 code [0x0000014f50223880, 0x0000014f50223e98]
Event: 0.737 Thread 0x0000014f64c85490 1684  s    3       java.io.ByteArrayInputStream::read (73 bytes)
Event: 0.737 Thread 0x0000014f64c85490 nmethod 1684 0x0000014f501eee10 code [0x0000014f501eefe0, 0x0000014f501ef5f0]
Event: 0.737 Thread 0x0000014f64c85490 1686       3       com.sun.tools.javac.util.ListBuffer::next (56 bytes)
Event: 0.737 Thread 0x0000014f64c85490 nmethod 1686 0x0000014f50221b90 code [0x0000014f50221d40, 0x0000014f50222100]
Event: 0.737 Thread 0x0000014f64c85490 1685       3       com.sun.tools.javac.tree.TreeScanner::scan (10 bytes)
Event: 0.737 Thread 0x0000014f64c85490 nmethod 1685 0x0000014f50282510 code [0x0000014f502826a0, 0x0000014f502828b8]
Event: 0.738 Thread 0x0000014f64c85490 1687       3       com.sun.tools.javac.jvm.ClassReader::readAttributeValue (612 bytes)
Event: 0.742 Thread 0x0000014f64c85490 nmethod 1687 0x0000014f502a1a90 code [0x0000014f502a2340, 0x0000014f502a7dc8]
Event: 0.742 Thread 0x0000014f64c85490 1689       3       com.sun.tools.javac.tree.TreeScanner::scan (33 bytes)
Event: 0.742 Thread 0x0000014f64c85490 nmethod 1689 0x0000014f50387010 code [0x0000014f503871c0, 0x0000014f503876c0]
Event: 0.742 Thread 0x0000014f64c85490 1690   !   3       com.sun.tools.javac.code.TypeAnnotations$TypeAnnotationPositions::scan (27 bytes)
Event: 0.742 Thread 0x0000014f64c85490 nmethod 1690 0x0000014f502b1b10 code [0x0000014f502b1d20, 0x0000014f502b2758]
Event: 0.742 Thread 0x0000014f64c85490 1691       3       com.sun.tools.javac.code.TypeAnnotations$TypeAnnotationPositions::push (13 bytes)
Event: 0.743 Thread 0x0000014f64c85490 nmethod 1691 0x0000014f501efb10 code [0x0000014f501efcc0, 0x0000014f501f0150]
Event: 0.743 Thread 0x0000014f64c85490 1692       3       com.sun.tools.javac.code.TypeAnnotations$TypeAnnotationPositions::pop (24 bytes)
Event: 0.743 Thread 0x0000014f64c85490 nmethod 1692 0x0000014f501c6f90 code [0x0000014f501c7120, 0x0000014f501c7380]

GC Heap History (20 events):
Event: 0.365 GC heap before
{Heap before GC invocations=4 (full 0):
 garbage-first heap   total 8192K, used 3548K [0x0000000082a00000, 0x0000000100000000)
  region size 1024K, 2 young (2048K), 1 survivors (1024K)
 Metaspace       used 7864K, committed 8000K, reserved 1114112K
  class space    used 872K, committed 960K, reserved 1048576K
}
Event: 0.367 GC heap after
{Heap after GC invocations=5 (full 0):
 garbage-first heap   total 10240K, used 2868K [0x0000000082a00000, 0x0000000100000000)
  region size 1024K, 1 young (1024K), 1 survivors (1024K)
 Metaspace       used 7864K, committed 8000K, reserved 1114112K
  class space    used 872K, committed 960K, reserved 1048576K
}
Event: 0.429 GC heap before
{Heap before GC invocations=5 (full 0):
 garbage-first heap   total 10240K, used 4916K [0x0000000082a00000, 0x0000000100000000)
  region size 1024K, 3 young (3072K), 1 survivors (1024K)
 Metaspace       used 8248K, committed 8448K, reserved 1114112K
  class space    used 912K, committed 1024K, reserved 1048576K
}
Event: 0.431 GC heap after
{Heap after GC invocations=6 (full 0):
 garbage-first heap   total 10240K, used 3416K [0x0000000082a00000, 0x0000000100000000)
  region size 1024K, 1 young (1024K), 1 survivors (1024K)
 Metaspace       used 8248K, committed 8448K, reserved 1114112K
  class space    used 912K, committed 1024K, reserved 1048576K
}
Event: 0.498 GC heap before
{Heap before GC invocations=6 (full 0):
 garbage-first heap   total 10240K, used 5464K [0x0000000082a00000, 0x0000000100000000)
  region size 1024K, 3 young (3072K), 1 survivors (1024K)
 Metaspace       used 8789K, committed 8960K, reserved 1114112K
  class space    used 978K, committed 1024K, reserved 1048576K
}
Event: 0.502 GC heap after
{Heap after GC invocations=7 (full 0):
 garbage-first heap   total 10240K, used 4553K [0x0000000082a00000, 0x0000000100000000)
  region size 1024K, 1 young (1024K), 1 survivors (1024K)
 Metaspace       used 8789K, committed 8960K, reserved 1114112K
  class space    used 978K, committed 1024K, reserved 1048576K
}
Event: 0.536 GC heap before
{Heap before GC invocations=7 (full 0):
 garbage-first heap   total 10240K, used 6601K [0x0000000082a00000, 0x0000000100000000)
  region size 1024K, 3 young (3072K), 1 survivors (1024K)
 Metaspace       used 8990K, committed 9216K, reserved 1114112K
  class space    used 999K, committed 1088K, reserved 1048576K
}
Event: 0.539 GC heap after
{Heap after GC invocations=8 (full 0):
 garbage-first heap   total 10240K, used 4989K [0x0000000082a00000, 0x0000000100000000)
  region size 1024K, 1 young (1024K), 1 survivors (1024K)
 Metaspace       used 8990K, committed 9216K, reserved 1114112K
  class space    used 999K, committed 1088K, reserved 1048576K
}
Event: 0.543 GC heap before
{Heap before GC invocations=8 (full 0):
 garbage-first heap   total 10240K, used 6013K [0x0000000082a00000, 0x0000000100000000)
  region size 1024K, 2 young (2048K), 1 survivors (1024K)
 Metaspace       used 8999K, committed 9216K, reserved 1114112K
  class space    used 1000K, committed 1088K, reserved 1048576K
}
Event: 0.544 GC heap after
{Heap after GC invocations=9 (full 0):
 garbage-first heap   total 15360K, used 5035K [0x0000000082a00000, 0x0000000100000000)
  region size 1024K, 1 young (1024K), 1 survivors (1024K)
 Metaspace       used 8999K, committed 9216K, reserved 1114112K
  class space    used 1000K, committed 1088K, reserved 1048576K
}
Event: 0.581 GC heap before
{Heap before GC invocations=10 (full 0):
 garbage-first heap   total 15360K, used 9131K [0x0000000082a00000, 0x0000000100000000)
  region size 1024K, 5 young (5120K), 1 survivors (1024K)
 Metaspace       used 9086K, committed 9280K, reserved 1114112K
  class space    used 1006K, committed 1088K, reserved 1048576K
}
Event: 0.583 GC heap after
{Heap after GC invocations=11 (full 0):
 garbage-first heap   total 15360K, used 5608K [0x0000000082a00000, 0x0000000100000000)
  region size 1024K, 1 young (1024K), 1 survivors (1024K)
 Metaspace       used 9086K, committed 9280K, reserved 1114112K
  class space    used 1006K, committed 1088K, reserved 1048576K
}
Event: 0.607 GC heap before
{Heap before GC invocations=11 (full 0):
 garbage-first heap   total 15360K, used 10728K [0x0000000082a00000, 0x0000000100000000)
  region size 1024K, 6 young (6144K), 1 survivors (1024K)
 Metaspace       used 9168K, committed 9344K, reserved 1114112K
  class space    used 1017K, committed 1088K, reserved 1048576K
}
Event: 0.612 GC heap after
{Heap after GC invocations=12 (full 0):
 garbage-first heap   total 15360K, used 6182K [0x0000000082a00000, 0x0000000100000000)
  region size 1024K, 1 young (1024K), 1 survivors (1024K)
 Metaspace       used 9168K, committed 9344K, reserved 1114112K
  class space    used 1017K, committed 1088K, reserved 1048576K
}
Event: 0.621 GC heap before
{Heap before GC invocations=12 (full 0):
 garbage-first heap   total 15360K, used 10278K [0x0000000082a00000, 0x0000000100000000)
  region size 1024K, 5 young (5120K), 1 survivors (1024K)
 Metaspace       used 9169K, committed 9344K, reserved 1114112K
  class space    used 1017K, committed 1088K, reserved 1048576K
}
Event: 0.623 GC heap after
{Heap after GC invocations=13 (full 0):
 garbage-first heap   total 15360K, used 6822K [0x0000000082a00000, 0x0000000100000000)
  region size 1024K, 1 young (1024K), 1 survivors (1024K)
 Metaspace       used 9169K, committed 9344K, reserved 1114112K
  class space    used 1017K, committed 1088K, reserved 1048576K
}
Event: 0.647 GC heap before
{Heap before GC invocations=13 (full 0):
 garbage-first heap   total 15360K, used 10918K [0x0000000082a00000, 0x0000000100000000)
  region size 1024K, 5 young (5120K), 1 survivors (1024K)
 Metaspace       used 9230K, committed 9408K, reserved 1114112K
  class space    used 1026K, committed 1088K, reserved 1048576K
}
Event: 0.650 GC heap after
{Heap after GC invocations=14 (full 0):
 garbage-first heap   total 15360K, used 7558K [0x0000000082a00000, 0x0000000100000000)
  region size 1024K, 1 young (1024K), 1 survivors (1024K)
 Metaspace       used 9230K, committed 9408K, reserved 1114112K
  class space    used 1026K, committed 1088K, reserved 1048576K
}
Event: 0.698 GC heap before
{Heap before GC invocations=14 (full 0):
 garbage-first heap   total 15360K, used 11654K [0x0000000082a00000, 0x0000000100000000)
  region size 1024K, 5 young (5120K), 1 survivors (1024K)
 Metaspace       used 9339K, committed 9536K, reserved 1114112K
  class space    used 1031K, committed 1088K, reserved 1048576K
}
Event: 0.701 GC heap after
{Heap after GC invocations=15 (full 0):
 garbage-first heap   total 32768K, used 8640K [0x0000000082a00000, 0x0000000100000000)
  region size 1024K, 1 young (1024K), 1 survivors (1024K)
 Metaspace       used 9339K, committed 9536K, reserved 1114112K
  class space    used 1031K, committed 1088K, reserved 1048576K
}

Dll operation events (6 events):
Event: 0.006 Loaded shared library C:\Program Files\Java\jdk-20\bin\java.dll
Event: 0.013 Loaded shared library C:\Program Files\Java\jdk-20\bin\jsvml.dll
Event: 0.057 Loaded shared library C:\Program Files\Java\jdk-20\bin\jimage.dll
Event: 0.120 Loaded shared library C:\Program Files\Java\jdk-20\bin\net.dll
Event: 0.121 Loaded shared library C:\Program Files\Java\jdk-20\bin\nio.dll
Event: 0.146 Loaded shared library C:\Program Files\Java\jdk-20\bin\zip.dll

Deoptimization events (20 events):
Event: 0.521 Thread 0x0000014f4691f770 Uncommon trap: trap_request=0xffffffc6 fr.pc=0x0000014f57cc335c relative=0x000000000000031c
Event: 0.521 Thread 0x0000014f4691f770 Uncommon trap: reason=bimorphic_or_optimized_type_check action=maybe_recompile pc=0x0000014f57cc335c method=java.util.HashMap.getNode(Ljava/lang/Object;)Ljava/util/HashMap$Node; @ 63 c2
Event: 0.521 Thread 0x0000014f4691f770 DEOPT PACKING pc=0x0000014f57cc335c sp=0x00000046517fe4f0
Event: 0.521 Thread 0x0000014f4691f770 DEOPT UNPACKING pc=0x0000014f57749d22 sp=0x00000046517fe3f8 mode 2
Event: 0.637 Thread 0x0000014f4691f770 Uncommon trap: trap_request=0xffffff45 fr.pc=0x0000014f57ccb9ec relative=0x000000000000006c
Event: 0.637 Thread 0x0000014f4691f770 Uncommon trap: reason=unstable_if action=reinterpret pc=0x0000014f57ccb9ec method=com.sun.tools.javac.jvm.PoolReader.sizeof(I)I @ 1 c2
Event: 0.637 Thread 0x0000014f4691f770 DEOPT PACKING pc=0x0000014f57ccb9ec sp=0x00000046517fdaa0
Event: 0.637 Thread 0x0000014f4691f770 DEOPT UNPACKING pc=0x0000014f57749d22 sp=0x00000046517fda30 mode 2
Event: 0.642 Thread 0x0000014f4691f770 Uncommon trap: trap_request=0xffffff45 fr.pc=0x0000014f57cf982c relative=0x0000000000000a8c
Event: 0.642 Thread 0x0000014f4691f770 Uncommon trap: reason=unstable_if action=reinterpret pc=0x0000014f57cf982c method=com.sun.tools.javac.util.ArrayUtils.ensureCapacity([BI)[B @ 3 c2
Event: 0.642 Thread 0x0000014f4691f770 DEOPT PACKING pc=0x0000014f57cf982c sp=0x00000046517fdcb0
Event: 0.642 Thread 0x0000014f4691f770 DEOPT UNPACKING pc=0x0000014f57749d22 sp=0x00000046517fdbd8 mode 2
Event: 0.655 Thread 0x0000014f4691f770 Uncommon trap: trap_request=0xffffff45 fr.pc=0x0000014f57cefad8 relative=0x0000000000000058
Event: 0.655 Thread 0x0000014f4691f770 Uncommon trap: reason=unstable_if action=reinterpret pc=0x0000014f57cefad8 method=com.sun.tools.javac.util.ArrayUtils.ensureCapacity([BI)[B @ 3 c2
Event: 0.655 Thread 0x0000014f4691f770 DEOPT PACKING pc=0x0000014f57cefad8 sp=0x00000046517fe180
Event: 0.655 Thread 0x0000014f4691f770 DEOPT UNPACKING pc=0x0000014f57749d22 sp=0x00000046517fe108 mode 2
Event: 0.731 Thread 0x0000014f4691f770 Uncommon trap: trap_request=0xffffff45 fr.pc=0x0000014f57cd23b4 relative=0x0000000000000334
Event: 0.731 Thread 0x0000014f4691f770 Uncommon trap: reason=unstable_if action=reinterpret pc=0x0000014f57cd23b4 method=java.lang.String.<init>([CIILjava/lang/Void;)V @ 5 c2
Event: 0.731 Thread 0x0000014f4691f770 DEOPT PACKING pc=0x0000014f57cd23b4 sp=0x00000046517fe370
Event: 0.731 Thread 0x0000014f4691f770 DEOPT UNPACKING pc=0x0000014f57749d22 sp=0x00000046517fe330 mode 2

Classes loaded (20 events):
Event: 0.480 Loading class sun/nio/fs/BasicFileAttributesHolder
Event: 0.480 Loading class sun/nio/fs/BasicFileAttributesHolder done
Event: 0.514 Loading class java/util/ComparableTimSort
Event: 0.514 Loading class java/util/ComparableTimSort done
Event: 0.526 Loading class java/nio/file/Files$2
Event: 0.526 Loading class java/nio/file/Files$2 done
Event: 0.527 Loading class java/util/ImmutableCollections$Access
Event: 0.527 Loading class java/util/ImmutableCollections$Access done
Event: 0.527 Loading class java/util/ImmutableCollections$Access$1
Event: 0.527 Loading class jdk/internal/access/JavaUtilCollectionAccess
Event: 0.527 Loading class jdk/internal/access/JavaUtilCollectionAccess done
Event: 0.527 Loading class java/util/ImmutableCollections$Access$1 done
Event: 0.528 Loading class java/util/stream/Nodes$SpinedNodeBuilder
Event: 0.528 Loading class java/util/stream/Nodes$SpinedNodeBuilder done
Event: 0.631 Loading class java/util/LinkedList$Node
Event: 0.631 Loading class java/util/LinkedList$Node done
Event: 0.632 Loading class java/lang/invoke/MethodHandle$1
Event: 0.632 Loading class java/lang/invoke/MethodHandle$1 done
Event: 0.707 Loading class java/nio/file/FileTreeWalker$1
Event: 0.707 Loading class java/nio/file/FileTreeWalker$1 done

Classes unloaded (0 events):
No events

Classes redefined (0 events):
No events

Internal exceptions (20 events):
Event: 0.514 Thread 0x0000014f4691f770 Exception <a 'java/lang/NoSuchMethodError'{0x0000000083361570}: 'void java.lang.invoke.DirectMethodHandle$Holder.invokeStatic(java.lang.Object, java.lang.Object)'> (0x0000000083361570) 
thrown [s\open\src\hotspot\share\interpreter\linkResolver.cpp, line 773]
Event: 0.515 Thread 0x0000014f4691f770 Exception <a 'sun/nio/fs/WindowsException'{0x000000008336b288}> (0x000000008336b288) 
thrown [s\open\src\hotspot\share\prims\jni.cpp, line 519]
Event: 0.516 Thread 0x0000014f4691f770 Exception <a 'sun/nio/fs/WindowsException'{0x0000000083370658}> (0x0000000083370658) 
thrown [s\open\src\hotspot\share\prims\jni.cpp, line 519]
Event: 0.563 Thread 0x0000014f4691f770 Exception <a 'sun/nio/fs/WindowsException'{0x00000000838d4b78}> (0x00000000838d4b78) 
thrown [s\open\src\hotspot\share\prims\jni.cpp, line 519]
Event: 0.563 Thread 0x0000014f4691f770 Exception <a 'sun/nio/fs/WindowsException'{0x00000000838d5420}> (0x00000000838d5420) 
thrown [s\open\src\hotspot\share\prims\jni.cpp, line 519]
Event: 0.563 Thread 0x0000014f4691f770 Exception <a 'sun/nio/fs/WindowsException'{0x00000000838d5db0}> (0x00000000838d5db0) 
thrown [s\open\src\hotspot\share\prims\jni.cpp, line 519]
Event: 0.563 Thread 0x0000014f4691f770 Exception <a 'sun/nio/fs/WindowsException'{0x00000000838d65e8}> (0x00000000838d65e8) 
thrown [s\open\src\hotspot\share\prims\jni.cpp, line 519]
Event: 0.564 Thread 0x0000014f4691f770 Exception <a 'java/lang/NoSuchMethodError'{0x00000000838da4c8}: 'int java.lang.invoke.DirectMethodHandle$Holder.invokeSpecial(java.lang.Object, java.lang.Object, java.lang.Object)'> (0x00000000838da4c8) 
thrown [s\open\src\hotspot\share\interpreter\linkResolver.cpp, line 773]
Event: 0.565 Thread 0x0000014f4691f770 Exception <a 'sun/nio/fs/WindowsException'{0x00000000838e4b08}> (0x00000000838e4b08) 
thrown [s\open\src\hotspot\share\prims\jni.cpp, line 519]
Event: 0.565 Thread 0x0000014f4691f770 Exception <a 'sun/nio/fs/WindowsException'{0x00000000838e55f0}> (0x00000000838e55f0) 
thrown [s\open\src\hotspot\share\prims\jni.cpp, line 519]
Event: 0.586 Thread 0x0000014f4691f770 Exception <a 'java/lang/NoSuchMethodError'{0x0000000083868e48}: 'java.lang.Object java.lang.invoke.DirectMethodHandle$Holder.invokeStatic(java.lang.Object, java.lang.Object, int, int)'> (0x0000000083868e48) 
thrown [s\open\src\hotspot\share\interpreter\linkResolver.cpp, line 773]
Event: 0.594 Thread 0x0000014f4691f770 Exception <a 'sun/nio/fs/WindowsException'{0x00000000838a3540}> (0x00000000838a3540) 
thrown [s\open\src\hotspot\share\prims\jni.cpp, line 519]
Event: 0.595 Thread 0x0000014f4691f770 Exception <a 'sun/nio/fs/WindowsException'{0x00000000838a4028}> (0x00000000838a4028) 
thrown [s\open\src\hotspot\share\prims\jni.cpp, line 519]
Event: 0.635 Thread 0x0000014f4691f770 Exception <a 'java/lang/NoSuchMethodError'{0x0000000083621340}: 'java.lang.Object java.lang.invoke.DirectMethodHandle$Holder.invokeInterface(java.lang.Object, java.lang.Object)'> (0x0000000083621340) 
thrown [s\open\src\hotspot\share\interpreter\linkResolver.cpp, line 773]
Event: 0.706 Thread 0x0000014f4691f770 Exception <a 'sun/nio/fs/WindowsException'{0x000000008491ea78}> (0x000000008491ea78) 
thrown [s\open\src\hotspot\share\prims\jni.cpp, line 519]
Event: 0.708 Thread 0x0000014f4691f770 Exception <a 'sun/nio/fs/WindowsException'{0x0000000084920580}> (0x0000000084920580) 
thrown [s\open\src\hotspot\share\prims\jni.cpp, line 519]
Event: 0.708 Thread 0x0000014f4691f770 Exception <a 'sun/nio/fs/WindowsException'{0x0000000084921aa0}> (0x0000000084921aa0) 
thrown [s\open\src\hotspot\share\prims\jni.cpp, line 519]
Event: 0.708 Thread 0x0000014f4691f770 Exception <a 'sun/nio/fs/WindowsException'{0x0000000084922e88}> (0x0000000084922e88) 
thrown [s\open\src\hotspot\share\prims\jni.cpp, line 519]
Event: 0.709 Thread 0x0000014f4691f770 Exception <a 'sun/nio/fs/WindowsException'{0x0000000084924468}> (0x0000000084924468) 
thrown [s\open\src\hotspot\share\prims\jni.cpp, line 519]
Event: 0.711 Thread 0x0000014f4691f770 Exception <a 'sun/nio/fs/WindowsException'{0x0000000084935c38}> (0x0000000084935c38) 
thrown [s\open\src\hotspot\share\prims\jni.cpp, line 519]

VM Operations (20 events):
Event: 0.543 Executing VM operation: G1CollectForAllocation
Event: 0.544 Executing VM operation: G1CollectForAllocation done
Event: 0.551 Executing VM operation: G1PauseRemark
Event: 0.552 Executing VM operation: G1PauseRemark done
Event: 0.555 Executing VM operation: G1PauseCleanup
Event: 0.555 Executing VM operation: G1PauseCleanup done
Event: 0.581 Executing VM operation: G1CollectForAllocation
Event: 0.583 Executing VM operation: G1CollectForAllocation done
Event: 0.607 Executing VM operation: G1CollectForAllocation
Event: 0.612 Executing VM operation: G1CollectForAllocation done
Event: 0.621 Executing VM operation: G1CollectForAllocation
Event: 0.623 Executing VM operation: G1CollectForAllocation done
Event: 0.647 Executing VM operation: G1CollectForAllocation
Event: 0.650 Executing VM operation: G1CollectForAllocation done
Event: 0.698 Executing VM operation: G1CollectForAllocation
Event: 0.701 Executing VM operation: G1CollectForAllocation done
Event: 0.711 Executing VM operation: G1PauseRemark
Event: 0.713 Executing VM operation: G1PauseRemark done
Event: 0.717 Executing VM operation: G1PauseCleanup
Event: 0.717 Executing VM operation: G1PauseCleanup done

Events (20 events):
Event: 0.713 Thread 0x0000014f469c5650 flushing nmethod 0x0000014f501b8090
Event: 0.713 Thread 0x0000014f469c5650 flushing nmethod 0x0000014f501b2c90
Event: 0.713 Thread 0x0000014f469c5650 flushing nmethod 0x0000014f501b7d10
Event: 0.713 Thread 0x0000014f469c5650 flushing nmethod 0x0000014f501b7910
Event: 0.713 Thread 0x0000014f469c5650 flushing nmethod 0x0000014f501b1510
Event: 0.713 Thread 0x0000014f469c5650 flushing nmethod 0x0000014f501b1090
Event: 0.713 Thread 0x0000014f469c5650 flushing nmethod 0x0000014f501b0d10
Event: 0.713 Thread 0x0000014f469c5650 flushing nmethod 0x0000014f501b0990
Event: 0.713 Thread 0x0000014f469c5650 flushing nmethod 0x0000014f501b0010
Event: 0.713 Thread 0x0000014f469c5650 flushing nmethod 0x0000014f57cd1490
Event: 0.713 Thread 0x0000014f469c5650 flushing nmethod 0x0000014f57cd1890
Event: 0.713 Thread 0x0000014f469c5650 flushing nmethod 0x0000014f57cd0310
Event: 0.713 Thread 0x0000014f469c5650 flushing nmethod 0x0000014f57cc2e90
Event: 0.713 Thread 0x0000014f469c5650 flushing nmethod 0x0000014f57cb7290
Event: 0.713 Thread 0x0000014f469c5650 flushing nmethod 0x0000014f57cba690
Event: 0.713 Thread 0x0000014f469c5650 flushing nmethod 0x0000014f57cb7a10
Event: 0.713 Thread 0x0000014f469c5650 flushing nmethod 0x0000014f57caae10
Event: 0.713 Thread 0x0000014f469c5650 flushing nmethod 0x0000014f57c94d10
Event: 0.713 Thread 0x0000014f469c5650 flushing nmethod 0x0000014f57c8d390
Event: 0.713 Thread 0x0000014f469c5650 flushing nmethod 0x0000014f57c80010


Dynamic libraries:
0x00007ff767860000 - 0x00007ff767868000 	C:\Program Files\Java\jdk-20\bin\javac.exe
0x00007ff90e010000 - 0x00007ff90e224000 	C:\WINDOWS\SYSTEM32\ntdll.dll
0x00007ff90d1c0000 - 0x00007ff90d283000 	C:\WINDOWS\System32\KERNEL32.DLL
0x00007ff90b890000 - 0x00007ff90bc2c000 	C:\WINDOWS\System32\KERNELBASE.dll
0x00007ff9084b0000 - 0x00007ff908547000 	C:\WINDOWS\SYSTEM32\apphelp.dll
0x00007ff90b4d0000 - 0x00007ff90b5e1000 	C:\WINDOWS\System32\ucrtbase.dll
0x00007ff9067a0000 - 0x00007ff9067bb000 	C:\Program Files\Java\jdk-20\bin\VCRUNTIME140.dll
0x00007ff908200000 - 0x00007ff908219000 	C:\Program Files\Java\jdk-20\bin\jli.dll
0x00007ff90d110000 - 0x00007ff90d1be000 	C:\WINDOWS\System32\ADVAPI32.dll
0x00007ff90df20000 - 0x00007ff90dfc7000 	C:\WINDOWS\System32\msvcrt.dll
0x00007ff90c4c0000 - 0x00007ff90c564000 	C:\WINDOWS\System32\sechost.dll
0x00007ff90c3a0000 - 0x00007ff90c4b5000 	C:\WINDOWS\System32\RPCRT4.dll
0x00007ff90be60000 - 0x00007ff90c00d000 	C:\WINDOWS\System32\USER32.dll
0x00007ff90bdf0000 - 0x00007ff90be16000 	C:\WINDOWS\System32\win32u.dll
0x00007ff8f2670000 - 0x00007ff8f28fe000 	C:\WINDOWS\WinSxS\amd64_microsoft.windows.common-controls_6595b64144ccf1df_6.0.22621.608_none_a9444ca7c10bb01d\COMCTL32.dll
0x00007ff90be20000 - 0x00007ff90be49000 	C:\WINDOWS\System32\GDI32.dll
0x00007ff90bcd0000 - 0x00007ff90bde3000 	C:\WINDOWS\System32\gdi32full.dll
0x00007ff90bc30000 - 0x00007ff90bcca000 	C:\WINDOWS\System32\msvcp_win.dll
0x00007ff9042f0000 - 0x00007ff9042fa000 	C:\WINDOWS\SYSTEM32\VERSION.dll
0x00007ff90cfb0000 - 0x00007ff90cfe1000 	C:\WINDOWS\System32\IMM32.DLL
0x00007ff906830000 - 0x00007ff90683c000 	C:\Program Files\Java\jdk-20\bin\vcruntime140_1.dll
0x00007ff8ec630000 - 0x00007ff8ec6be000 	C:\Program Files\Java\jdk-20\bin\msvcp140.dll
0x00007ff8b9300000 - 0x00007ff8b9f97000 	C:\Program Files\Java\jdk-20\bin\server\jvm.dll
0x00007ff8f7f50000 - 0x00007ff8f7f59000 	C:\WINDOWS\SYSTEM32\WSOCK32.dll
0x00007ff904350000 - 0x00007ff904384000 	C:\WINDOWS\SYSTEM32\WINMM.dll
0x00007ff90dbd0000 - 0x00007ff90dc41000 	C:\WINDOWS\System32\WS2_32.dll
0x00007ff90a4a0000 - 0x00007ff90a4b8000 	C:\WINDOWS\SYSTEM32\kernel.appcore.dll
0x00007ff905590000 - 0x00007ff90559a000 	C:\Program Files\Java\jdk-20\bin\jimage.dll
0x00007ff908e90000 - 0x00007ff9090be000 	C:\WINDOWS\SYSTEM32\DBGHELP.DLL
0x00007ff90c010000 - 0x00007ff90c399000 	C:\WINDOWS\System32\combase.dll
0x00007ff90d450000 - 0x00007ff90d527000 	C:\WINDOWS\System32\OLEAUT32.dll
0x00007ff8f4520000 - 0x00007ff8f4552000 	C:\WINDOWS\SYSTEM32\dbgcore.DLL
0x00007ff90b450000 - 0x00007ff90b4cb000 	C:\WINDOWS\System32\bcryptPrimitives.dll
0x00007ff8f2ac0000 - 0x00007ff8f2ae6000 	C:\Program Files\Java\jdk-20\bin\java.dll
0x00007ff8ec4d0000 - 0x00007ff8ec5a7000 	C:\Program Files\Java\jdk-20\bin\jsvml.dll
0x00007ff90c730000 - 0x00007ff90cf20000 	C:\WINDOWS\System32\SHELL32.dll
0x00007ff909460000 - 0x00007ff909d2e000 	C:\WINDOWS\SYSTEM32\windows.storage.dll
0x00007ff909320000 - 0x00007ff90945e000 	C:\WINDOWS\SYSTEM32\wintypes.dll
0x00007ff90dad0000 - 0x00007ff90dbc1000 	C:\WINDOWS\System32\SHCORE.dll
0x00007ff90d290000 - 0x00007ff90d2ee000 	C:\WINDOWS\System32\shlwapi.dll
0x00007ff90b380000 - 0x00007ff90b3a1000 	C:\WINDOWS\SYSTEM32\profapi.dll
0x00007ff8faaa0000 - 0x00007ff8faab3000 	C:\Program Files\Java\jdk-20\bin\net.dll
0x00007ff9037f0000 - 0x00007ff90391f000 	C:\WINDOWS\SYSTEM32\WINHTTP.dll
0x00007ff90a910000 - 0x00007ff90a979000 	C:\WINDOWS\system32\mswsock.dll
0x00007ff8eeac0000 - 0x00007ff8eead6000 	C:\Program Files\Java\jdk-20\bin\nio.dll
0x00007ff8ec8f0000 - 0x00007ff8ec908000 	C:\Program Files\Java\jdk-20\bin\zip.dll

dbghelp: loaded successfully - version: 4.0.5 - missing functions: none
symbol engine: initialized successfully - sym options: 0x614 - pdb path: .;C:\Program Files\Java\jdk-20\bin;C:\WINDOWS\SYSTEM32;C:\WINDOWS\WinSxS\amd64_microsoft.windows.common-controls_6595b64144ccf1df_6.0.22621.608_none_a9444ca7c10bb01d;C:\Program Files\Java\jdk-20\bin\server

VM Arguments:
jvm_args: -Dapplication.home=C:\Program Files\Java\jdk-20 --add-modules=ALL-DEFAULT -Xms8m -Djdk.module.main=jdk.compiler 
java_command: jdk.compiler/com.sun.tools.javac.Main -d C:\Users\91898\Documents\NetBeansProjects\BANK MANAGEMENT SYSTEM\build\classes -classpath C:\Users\91898\Documents\NetBeansProjects\BANK MANAGEMENT SYSTEM\build\classes;C:\Users\91898\Downloads\jcalendar-tz-1.3.3-4.jar;C:\Users\91898\Downloads\mysql-connector-java-8.0.28.jar -sourcepath C:\Users\91898\Documents\NetBeansProjects\BANK MANAGEMENT SYSTEM\build\empty -target 20 -encoding UTF-8 -g -processorpath C:\Users\91898\Downloads\jcalendar-tz-1.3.3-4.jar;C:\Users\91898\Downloads\mysql-connector-java-8.0.28.jar;C:\Users\91898\Documents\NetBeansProjects\BANK MANAGEMENT SYSTEM\build\empty -s C:\Users\91898\Documents\NetBeansProjects\BANK MANAGEMENT SYSTEM\build\generated-sources\ap-source-output -source 20 C:\Users\91898\Documents\NetBeansProjects\BANK MANAGEMENT SYSTEM\src\bank\management\system\BalanceEnquiry.java C:\Users\91898\Documents\NetBeansProjects\BANK MANAGEMENT SYSTEM\src\bank\management\system\Conn.java C:\Users\91898\Documents\NetBeansProjects\BANK MANAGEMENT SYSTEM\src\bank\management\system\Deposit.java C:\Users\91898\Documents\NetBeansProjects\BANK MANAGEMENT SYSTEM\src\bank\management\system\FastCash.java C:\Users\91898\Documents\NetBeansProjects\BANK MANAGEMENT SYSTEM\src\bank\management\system\Login.java C:\Users\91898\Documents\NetBeansProjects\BANK MANAGEMENT SYSTEM\src\bank\management\system\MiniStatement.java C:\Users\91898\Documents\NetBeansProjects\BANK MANAGEMENT SYSTEM\src\bank\management\system\Pin.java C:\Users\91898\Documents\NetBeansProjects\BANK MANAGEMENT SYSTEM\src\bank\management\system\Practice.java C:\Users\91898\Documents\NetBeansProjects\BANK MANAGEMENT SYSTEM\src\bank\management\system\SignupOne.java C:\Users\91898\Documents\NetBeansProjects\BANK MANAGEMENT SYSTEM\src\bank\management\system\SignupThree.java C:\Users\91898\Documents\NetBeansProjects\BANK MANAGEMENT SYSTEM\src\bank\management\system\SignupTwo.java C:\Users\91898\Documents\NetBeansProjects\BANK MANAGEMENT SY
java_class_path (initial): <not set>
Launcher Type: SUN_STANDARD

[Global flags]
     intx CICompilerCount                          = 4                                         {product} {ergonomic}
     uint ConcGCThreads                            = 2                                         {product} {ergonomic}
     uint G1ConcRefinementThreads                  = 8                                         {product} {ergonomic}
   size_t G1HeapRegionSize                         = 1048576                                   {product} {ergonomic}
    uintx GCDrainStackTargetSize                   = 64                                        {product} {ergonomic}
   size_t InitialHeapSize                          = 8388608                                   {product} {command line}
   size_t MarkStackSize                            = 4194304                                   {product} {ergonomic}
   size_t MaxHeapSize                              = 2103443456                                {product} {ergonomic}
   size_t MaxNewSize                               = 1261436928                                {product} {ergonomic}
   size_t MinHeapDeltaBytes                        = 1048576                                   {product} {ergonomic}
   size_t MinHeapSize                              = 8388608                                   {product} {command line}
    uintx NonNMethodCodeHeapSize                   = 5839372                                {pd product} {ergonomic}
    uintx NonProfiledCodeHeapSize                  = 122909434                              {pd product} {ergonomic}
    uintx ProfiledCodeHeapSize                     = 122909434                              {pd product} {ergonomic}
    uintx ReservedCodeCacheSize                    = 251658240                              {pd product} {ergonomic}
     bool SegmentedCodeCache                       = true                                      {product} {ergonomic}
   size_t SoftMaxHeapSize                          = 2103443456                             {manageable} {ergonomic}
     bool UseCompressedClassPointers               = true                           {product lp64_product} {ergonomic}
     bool UseCompressedOops                        = true                           {product lp64_product} {ergonomic}
     bool UseG1GC                                  = true                                      {product} {ergonomic}
     bool UseLargePagesIndividualAllocation        = false                                  {pd product} {ergonomic}

Logging:
Log output configuration:
 #0: stdout all=warning uptime,level,tags foldmultilines=false
 #1: stderr all=off uptime,level,tags foldmultilines=false

Environment Variables:
PATH=C:\Program Files\Common Files\Oracle\Java\javapath;C:\WINDOWS\system32;C:\WINDOWS;C:\WINDOWS\System32\Wbem;C:\WINDOWS\System32\WindowsPowerShell\v1.0\;C:\WINDOWS\System32\OpenSSH\;C:\Program Files\nodejs\;C:\Users\91898\AppData\Local\Microsoft\WindowsApps;C:\Users\91898\AppData\Local\atom\bin;C:\Users\91898\AppData\Local\Microsoft\WindowsApps;;C:\Users\91898\AppData\Local\Programs\Microsoft VS Code\bin;C:\Users\91898\AppData\Roaming\npm
USERNAME=Gaurav Suman
OS=Windows_NT
PROCESSOR_IDENTIFIER=Intel64 Family 6 Model 142 Stepping 12, GenuineIntel
TMP=C:\Users\91898\AppData\Local\Temp
TEMP=C:\Users\91898\AppData\Local\Temp




---------------  S Y S T E M  ---------------

OS:
 Windows 11 , 64 bit Build 22621 (10.0.22621.1344)
OS uptime: 13 days 4:17 hours

CPU: total 8 (initial active 8) (4 cores per cpu, 2 threads per core) family 6 model 142 stepping 12 microcode 0xde, cx8, cmov, fxsr, ht, mmx, 3dnowpref, sse, sse2, sse3, ssse3, sse4.1, sse4.2, popcnt, lzcnt, tsc, tscinvbit, avx, avx2, aes, erms, clmul, bmi1, bmi2, adx, fma, vzeroupper, clflush, clflushopt, rdtscp, f16c

Memory: 4k page, system-wide physical 8016M (883M free)
TotalPageFile size 26782M (AvailPageFile size 5M)
current process WorkingSet (physical memory assigned to process): 101M, peak: 101M
current process commit charge ("private bytes"): 148M, peak: 149M

vm_info: Java HotSpot(TM) 64-Bit Server VM (20+36-2344) for windows-amd64 JRE (20+36-2344), built on 2023-02-10T19:30:15Z by "mach5one" with MS VC++ 17.1 (VS2022)

END.
