#
# There is insufficient memory for the Java Runtime Environment to continue.
# Native memory allocation (malloc) failed to allocate 451776 bytes for Chunk::new
# Possible reasons:
#   The system is out of physical RAM or swap space
#   The process is running with CompressedOops enabled, and the Java Heap may be blocking the growth of the native heap
# Possible solutions:
#   Reduce memory load on the system
#   Increase physical memory or swap space
#   Check if swap backing store is full
#   Decrease Java heap size (-Xmx/-Xms)
#   Decrease number of Java threads
#   Decrease Java thread stack sizes (-Xss)
#   Set larger code cache with -XX:ReservedCodeCacheSize=
#   JVM is running with Unscaled Compressed Oops mode in which the Java heap is
#     placed in the first 4GB address space. The Java Heap base address is the
#     maximum limit for the native heap growth. Please use -XX:HeapBaseMinAddress
#     to set the Java Heap base and to place the Java Heap above 4GB virtual address.
# This output file may be truncated or incomplete.
#
#  Out of Memory Error (arena.cpp:184), pid=27828, tid=14668
#
# JRE version: Java(TM) SE Runtime Environment (20.0+36) (build 20+36-2344)
# Java VM: Java HotSpot(TM) 64-Bit Server VM (20+36-2344, mixed mode, sharing, tiered, compressed oops, compressed class ptrs, g1 gc, windows-amd64)
# No core dump will be written. Minidumps are not enabled by default on client versions of Windows
#

---------------  S U M M A R Y ------------

Command Line: -Dapplication.home=C:\Program Files\Java\jdk-20 --add-modules=ALL-DEFAULT -Xms8m -Djdk.module.main=jdk.compiler jdk.compiler/com.sun.tools.javac.Main -d C:\Users\91898\Documents\NetBeansProjects\BANK MANAGEMENT SYSTEM\build\classes -classpath C:\Users\91898\Documents\NetBeansProjects\BANK MANAGEMENT SYSTEM\build\classes;C:\Users\91898\Downloads\jcalendar-tz-1.3.3-4.jar;C:\Users\91898\Downloads\mysql-connector-java-8.0.28.jar -sourcepath C:\Users\91898\Documents\NetBeansProjects\BANK MANAGEMENT SYSTEM\build\empty -target 20 -encoding UTF-8 -g -processorpath C:\Users\91898\Downloads\jcalendar-tz-1.3.3-4.jar;C:\Users\91898\Downloads\mysql-connector-java-8.0.28.jar;C:\Users\91898\Documents\NetBeansProjects\BANK MANAGEMENT SYSTEM\build\empty -s C:\Users\91898\Documents\NetBeansProjects\BANK MANAGEMENT SYSTEM\build\generated-sources\ap-source-output -source 20 C:\Users\91898\Documents\NetBeansProjects\BANK MANAGEMENT SYSTEM\src\bank\management\system\BalanceEnquiry.java C:\Users\91898\Documents\NetBeansProjects\BANK MANAGEMENT SYSTEM\src\bank\management\system\Conn.java C:\Users\91898\Documents\NetBeansProjects\BANK MANAGEMENT SYSTEM\src\bank\management\system\Deposit.java C:\Users\91898\Documents\NetBeansProjects\BANK MANAGEMENT SYSTEM\src\bank\management\system\FastCash.java C:\Users\91898\Documents\NetBeansProjects\BANK MANAGEMENT SYSTEM\src\bank\management\system\Login.java C:\Users\91898\Documents\NetBeansProjects\BANK MANAGEMENT SYSTEM\src\bank\management\system\MiniStatement.java C:\Users\91898\Documents\NetBeansProjects\BANK MANAGEMENT SYSTEM\src\bank\management\system\Pin.java C:\Users\91898\Documents\NetBeansProjects\BANK MANAGEMENT SYSTEM\src\bank\management\system\Practice.java C:\Users\91898\Documents\NetBeansProjects\BANK MANAGEMENT SYSTEM\src\bank\management\system\SignupOne.java C:\Users\91898\Documents\NetBeansProjects\BANK MANAGEMENT SYSTEM\src\bank\management\system\SignupThree.java C:\Users\91898\Documents\NetBeansProjects\BANK MANAGEMENT SYSTEM\src\bank\management\system\SignupTwo.java C:\Users\91898\Documents\NetBeansProjects\BANK MANAGEMENT SYSTEM\src\bank\management\system\Transactions.java C:\Users\91898\Documents\NetBeansProjects\BANK MANAGEMENT SYSTEM\src\bank\management\system\Withdrawl.java

Host: Intel(R) Core(TM) i5-10210U CPU @ 1.60GHz, 8 cores, 7G,  Windows 11 , 64 bit Build 22621 (10.0.22621.1344)
Time: Thu Apr 13 22:29:37 2023 India Standard Time elapsed time: 0.677965 seconds (0d 0h 0m 0s)

---------------  T H R E A D  ---------------

Current thread (0x0000022f32310760):  JavaThread "C2 CompilerThread1" daemon [_thread_in_native, id=14668, stack(0x0000004b46700000,0x0000004b46800000)]


Current CompileTask:
C2:    678 1439       4       jdk.internal.jimage.ImageLocation::getFullName (109 bytes)

Stack: [0x0000004b46700000,0x0000004b46800000]
Native frames: (J=compiled Java code, j=interpreted, Vv=VM code, C=native code)
V  [jvm.dll+0x6bb95a]
V  [jvm.dll+0x8483aa]
V  [jvm.dll+0x849fa5]
V  [jvm.dll+0x84a6a3]
V  [jvm.dll+0x280b0f]
V  [jvm.dll+0xc2b11]
V  [jvm.dll+0xc2e35]
V  [jvm.dll+0x2f5dbf]
V  [jvm.dll+0x5e32eb]
V  [jvm.dll+0x2543b4]
V  [jvm.dll+0x24ccd4]
V  [jvm.dll+0x24a549]
V  [jvm.dll+0x1ce491]
V  [jvm.dll+0x259e1b]
V  [jvm.dll+0x2584f0]
V  [jvm.dll+0x3f2895]
V  [jvm.dll+0x7f4906]
V  [jvm.dll+0x6ba5cb]
C  [ucrtbase.dll+0x29363]
C  [KERNEL32.DLL+0x126bd]
C  [ntdll.dll+0x5a9f8]


---------------  P R O C E S S  ---------------

Threads class SMR info:
_java_thread_list=0x0000022f328d24f0, length=13, elements={
0x0000022f0f2ce5b0, 0x0000022f2dd3dcb0, 0x0000022f2dd3fe50, 0x0000022f2dd427a0,
0x0000022f2dd430e0, 0x0000022f2dd46a40, 0x0000022f2dd48390, 0x0000022f2dd49f00,
0x0000022f2dd4be90, 0x0000022f2dd0c690, 0x0000022f320f79a0, 0x0000022f32310760,
0x0000022f32565c50
}

Java Threads: ( => current thread )
  0x0000022f0f2ce5b0 JavaThread "main" [_thread_in_Java, id=25940, stack(0x0000004b45000000,0x0000004b45100000)]
  0x0000022f2dd3dcb0 JavaThread "Reference Handler" daemon [_thread_blocked, id=28088, stack(0x0000004b45700000,0x0000004b45800000)]
  0x0000022f2dd3fe50 JavaThread "Finalizer" daemon [_thread_blocked, id=21004, stack(0x0000004b45800000,0x0000004b45900000)]
  0x0000022f2dd427a0 JavaThread "Signal Dispatcher" daemon [_thread_blocked, id=15876, stack(0x0000004b45900000,0x0000004b45a00000)]
  0x0000022f2dd430e0 JavaThread "Attach Listener" daemon [_thread_blocked, id=26544, stack(0x0000004b45a00000,0x0000004b45b00000)]
  0x0000022f2dd46a40 JavaThread "Service Thread" daemon [_thread_blocked, id=29044, stack(0x0000004b45b00000,0x0000004b45c00000)]
  0x0000022f2dd48390 JavaThread "Monitor Deflation Thread" daemon [_thread_blocked, id=13292, stack(0x0000004b45c00000,0x0000004b45d00000)]
  0x0000022f2dd49f00 JavaThread "C2 CompilerThread0" daemon [_thread_in_native, id=18484, stack(0x0000004b45d00000,0x0000004b45e00000)]
  0x0000022f2dd4be90 JavaThread "C1 CompilerThread0" daemon [_thread_in_native, id=27456, stack(0x0000004b45e00000,0x0000004b45f00000)]
  0x0000022f2dd0c690 JavaThread "Common-Cleaner" daemon [_thread_blocked, id=11344, stack(0x0000004b45f00000,0x0000004b46000000)]
  0x0000022f320f79a0 JavaThread "Notification Thread" daemon [_thread_blocked, id=27892, stack(0x0000004b46000000,0x0000004b46100000)]
=>0x0000022f32310760 JavaThread "C2 CompilerThread1" daemon [_thread_in_native, id=14668, stack(0x0000004b46700000,0x0000004b46800000)]
  0x0000022f32565c50 JavaThread "C2 CompilerThread2" daemon [_thread_in_native, id=26836, stack(0x0000004b46800000,0x0000004b46900000)]

Other Threads:
  0x0000022f2dd1aca0 VMThread "VM Thread" [stack: 0x0000004b45600000,0x0000004b45700000] [id=6100]
  0x0000022f32134380 WatcherThread "VM Periodic Task Thread" [stack: 0x0000004b46100000,0x0000004b46200000] [id=26912]
  0x0000022f114be920 WorkerThread "GC Thread#0" [stack: 0x0000004b45100000,0x0000004b45200000] [id=17204]
  0x0000022f3230b580 WorkerThread "GC Thread#1" [stack: 0x0000004b46200000,0x0000004b46300000] [id=21656]
  0x0000022f3235acd0 WorkerThread "GC Thread#2" [stack: 0x0000004b46300000,0x0000004b46400000] [id=11696]
  0x0000022f3235cfb0 WorkerThread "GC Thread#3" [stack: 0x0000004b46400000,0x0000004b46500000] [id=23716]
  0x0000022f3245d480 WorkerThread "GC Thread#4" [stack: 0x0000004b46500000,0x0000004b46600000] [id=24560]
  0x0000022f324f7ab0 WorkerThread "GC Thread#5" [stack: 0x0000004b46600000,0x0000004b46700000] [id=25504]
  0x0000022f32bddff0 WorkerThread "GC Thread#6" [stack: 0x0000004b46900000,0x0000004b46a00000] [id=13096]
  0x0000022f114cf4f0 ConcurrentGCThread "G1 Main Marker" [stack: 0x0000004b45200000,0x0000004b45300000] [id=28804]
  0x0000022f114d05c0 WorkerThread "G1 Conc#0" [stack: 0x0000004b45300000,0x0000004b45400000] [id=27440]
  0x0000022f32bdee00 WorkerThread "G1 Conc#1" [stack: 0x0000004b46a00000,0x0000004b46b00000] [id=27008]
  0x0000022f114fee90 ConcurrentGCThread "G1 Refine#0" [stack: 0x0000004b45400000,0x0000004b45500000] [id=17812]
  0x0000022f114ff830 ConcurrentGCThread "G1 Service" [stack: 0x0000004b45500000,0x0000004b45600000] [id=6772]

Threads with active compile tasks:
C2 CompilerThread0      695 1445       4       jdk.internal.jrtfs.JrtPath::getFileName (78 bytes)
C1 CompilerThread0      695 1559       3       java.util.stream.AbstractPipeline::wrapSink (37 bytes)
C2 CompilerThread1      695 1439       4       jdk.internal.jimage.ImageLocation::getFullName (109 bytes)
C2 CompilerThread2      695 1537       4       com.sun.tools.javac.code.Scope$ScopeImpl::getIndex (101 bytes)

VM state: not at safepoint (normal execution)

VM Mutex/Monitor currently owned by a thread: None

Heap address: 0x0000000082a00000, size: 2006 MB, Compressed Oops mode: 32-bit

CDS archive(s) mapped at: [0x0000000800000000-0x0000000800c60000-0x0000000800c60000), size 12976128, SharedBaseAddress: 0x0000000800000000, ArchiveRelocationMode: 0.
Compressed class space mapped at: 0x0000000801000000-0x0000000841000000, reserved size: 1073741824
Narrow klass base: 0x0000000800000000, Narrow klass shift: 0, Narrow klass range: 0x100000000

GC Precious Log:
 CardTable entry size: 512
 Card Set container configuration: InlinePtr #cards 5 size 8 Array Of Cards #cards 12 size 40 Howl #buckets 4 coarsen threshold 1843 Howl Bitmap #cards 512 size 80 coarsen threshold 460 Card regions per heap region 1 cards per card region 2048
 CPUs: 8 total, 8 available
 Memory: 8016M
 Large Page Support: Disabled
 NUMA Support: Disabled
 Compressed Oops: Enabled (32-bit)
 Heap Region Size: 1M
 Heap Min Capacity: 8M
 Heap Initial Capacity: 8M
 Heap Max Capacity: 2006M
 Pre-touch: Disabled
 Parallel Workers: 8
 Concurrent Workers: 2
 Concurrent Refinement Workers: 8
 Periodic GC: Disabled

Heap:
 garbage-first heap   total 16384K, used 10298K [0x0000000082a00000, 0x0000000100000000)
  region size 1024K, 6 young (6144K), 1 survivors (1024K)
 Metaspace       used 9308K, committed 9408K, reserved 1114112K
  class space    used 1031K, committed 1088K, reserved 1048576K

Heap Regions: E=young(eden), S=young(survivor), O=old, HS=humongous(starts), HC=humongous(continues), CS=collection set, F=free, OA=open archive, CA=closed archive, TAMS=top-at-mark-start, PB=parsable bottom
|   0|0x0000000082a00000, 0x0000000082b00000, 0x0000000082b00000|100%| O|  |TAMS 0x0000000082a00000| PB 0x0000000082a00000| Untracked 
|   1|0x0000000082b00000, 0x0000000082b4ca00, 0x0000000082c00000| 29%| O|  |TAMS 0x0000000082b00000| PB 0x0000000082b00000| Untracked 
|   2|0x0000000082c00000, 0x0000000082d00000, 0x0000000082d00000|100%| O|  |TAMS 0x0000000082c00000| PB 0x0000000082c00000| Untracked 
|   3|0x0000000082d00000, 0x0000000082e00000, 0x0000000082e00000|100%| O|  |TAMS 0x0000000082d00000| PB 0x0000000082d00000| Untracked 
|   4|0x0000000082e00000, 0x0000000082f00000, 0x0000000082f00000|100%| O|  |TAMS 0x0000000082e00000| PB 0x0000000082e00000| Untracked 
|   5|0x0000000082f00000, 0x0000000083000000, 0x0000000083000000|100%| O|  |TAMS 0x0000000082f00000| PB 0x0000000082f00000| Untracked 
|   6|0x0000000083000000, 0x0000000083100000, 0x0000000083100000|100%| O|  |TAMS 0x0000000083000000| PB 0x0000000083000000| Untracked 
|   7|0x0000000083100000, 0x0000000083100000, 0x0000000083200000|  0%| F|  |TAMS 0x0000000083100000| PB 0x0000000083100000| Untracked 
|   8|0x0000000083200000, 0x0000000083200000, 0x0000000083300000|  0%| F|  |TAMS 0x0000000083200000| PB 0x0000000083200000| Untracked 
|   9|0x0000000083300000, 0x0000000083300000, 0x0000000083400000|  0%| F|  |TAMS 0x0000000083300000| PB 0x0000000083300000| Untracked 
|  10|0x0000000083400000, 0x00000000834c21e8, 0x0000000083500000| 75%| S|CS|TAMS 0x0000000083400000| PB 0x0000000083400000| Complete 
|  11|0x0000000083500000, 0x00000000835fcc40, 0x0000000083600000| 98%| E|  |TAMS 0x0000000083500000| PB 0x0000000083500000| Complete 
|  12|0x0000000083600000, 0x0000000083700000, 0x0000000083700000|100%| E|CS|TAMS 0x0000000083600000| PB 0x0000000083600000| Complete 
|  13|0x0000000083700000, 0x0000000083800000, 0x0000000083800000|100%| E|CS|TAMS 0x0000000083700000| PB 0x0000000083700000| Complete 
|  14|0x0000000083800000, 0x0000000083900000, 0x0000000083900000|100%| E|  |TAMS 0x0000000083800000| PB 0x0000000083800000| Complete 
|  15|0x0000000083900000, 0x0000000083a00000, 0x0000000083a00000|100%| E|CS|TAMS 0x0000000083900000| PB 0x0000000083900000| Complete 

Card table byte_map: [0x0000022f28c20000,0x0000022f29010000] _byte_map_base: 0x0000022f2880b000

Marking Bits: (CMBitMap*) 0x0000022f114bee50
 Bits: [0x0000022f29400000, 0x0000022f2b358000)

Polling page: 0x0000022f0f3f0000

Metaspace:

Usage:
  Non-class:      8.08 MB used.
      Class:      1.01 MB used.
       Both:      9.09 MB used.

Virtual space:
  Non-class space:       64.00 MB reserved,       8.12 MB ( 13%) committed,  1 nodes.
      Class space:        1.00 GB reserved,       1.06 MB ( <1%) committed,  1 nodes.
             Both:        1.06 GB reserved,       9.19 MB ( <1%) committed. 

Chunk freelists:
   Non-Class:  1.81 MB
       Class:  2.89 MB
        Both:  4.70 MB

MaxMetaspaceSize: unlimited
CompressedClassSpaceSize: 1.00 GB
Initial GC threshold: 21.00 MB
Current GC threshold: 21.00 MB
CDS: on
MetaspaceReclaimPolicy: balanced
 - commit_granule_bytes: 65536.
 - commit_granule_words: 8192.
 - virtual_space_node_default_size: 8388608.
 - enlarge_chunks_in_place: 1.
 - new_chunks_are_fully_committed: 0.
 - uncommit_free_chunks: 1.
 - use_allocation_guard: 0.


Internal statistics:

num_allocs_failed_limit: 0.
num_arena_births: 70.
num_arena_deaths: 0.
num_vsnodes_births: 2.
num_vsnodes_deaths: 0.
num_space_committed: 147.
num_space_uncommitted: 0.
num_chunks_returned_to_freelist: 0.
num_chunks_taken_from_freelist: 372.
num_chunk_merges: 0.
num_chunk_splits: 265.
num_chunks_enlarged: 208.
num_inconsistent_stats: 0.

CodeHeap 'non-profiled nmethods': size=120000Kb used=524Kb max_used=524Kb free=119475Kb
 bounds [0x0000022f20fd0000, 0x0000022f21240000, 0x0000022f28500000]
CodeHeap 'profiled nmethods': size=120000Kb used=2942Kb max_used=2942Kb free=117057Kb
 bounds [0x0000022f19500000, 0x0000022f197e0000, 0x0000022f20a30000]
CodeHeap 'non-nmethods': size=5760Kb used=1412Kb max_used=1468Kb free=4347Kb
 bounds [0x0000022f20a30000, 0x0000022f20ca0000, 0x0000022f20fd0000]
 total_blobs=2013 nmethods=1558 adapters=365
 compilation: enabled
              stopped_count=0, restarted_count=0
 full_count=0

Compilation events (20 events):
Event: 0.672 Thread 0x0000022f2dd4be90 nmethod 1500 0x0000022f197c0410 code [0x0000022f197c0680, 0x0000022f197c1388]
Event: 0.672 Thread 0x0000022f2dd4be90 1501       3       com.sun.tools.javac.util.List::setTail (7 bytes)
Event: 0.672 Thread 0x0000022f2dd4be90 nmethod 1501 0x0000022f197c1810 code [0x0000022f197c19a0, 0x0000022f197c1b00]
Event: 0.672 Thread 0x0000022f2dd4be90 1502       3       com.sun.tools.javac.jvm.Code::width (16 bytes)
Event: 0.672 Thread 0x0000022f2dd4be90 nmethod 1502 0x0000022f197c1b90 code [0x0000022f197c1d40, 0x0000022f197c1ee0]
Event: 0.672 Thread 0x0000022f2dd4be90 1503       3       com.sun.tools.javac.jvm.Code::typecode (141 bytes)
Event: 0.673 Thread 0x0000022f2dd4be90 nmethod 1503 0x0000022f197c1f90 code [0x0000022f197c2220, 0x0000022f197c2ed0]
Event: 0.673 Thread 0x0000022f2dd4be90 1507       3       com.sun.tools.javac.jvm.ClassReader::setParameters (334 bytes)
Event: 0.674 Thread 0x0000022f32565c50 nmethod 1443 0x0000022f2104c790 code [0x0000022f2104c9a0, 0x0000022f2104ddc8]
Event: 0.674 Thread 0x0000022f32565c50 1466       4       com.sun.tools.javac.jvm.PoolReader::sizeof (32 bytes)
Event: 0.674 Thread 0x0000022f32565c50 nmethod 1466 0x0000022f2104e510 code [0x0000022f2104e680, 0x0000022f2104e720]
Event: 0.674 Thread 0x0000022f32565c50 1450       4       javax.lang.model.SourceVersion::isIdentifier (71 bytes)
Event: 0.675 Thread 0x0000022f2dd4be90 nmethod 1507 0x0000022f197c3290 code [0x0000022f197c3760, 0x0000022f197c6738]
Event: 0.675 Thread 0x0000022f2dd4be90 1509       3       com.sun.tools.javac.util.ArrayUtils::ensureCapacity (30 bytes)
Event: 0.675 Thread 0x0000022f2dd4be90 nmethod 1509 0x0000022f197c7790 code [0x0000022f197c7940, 0x0000022f197c7cd0]
Event: 0.675 Thread 0x0000022f2dd4be90 1505       3       com.sun.tools.javac.jvm.ClassReader::adjustMethodFlags (46 bytes)
Event: 0.675 Thread 0x0000022f2dd4be90 nmethod 1505 0x0000022f197c7e10 code [0x0000022f197c7fa0, 0x0000022f197c8190]
Event: 0.675 Thread 0x0000022f2dd4be90 1510       3       com.sun.tools.javac.jvm.ClassReader::readMemberAttrs (9 bytes)
Event: 0.676 Thread 0x0000022f2dd4be90 nmethod 1510 0x0000022f197c8210 code [0x0000022f197c83a0, 0x0000022f197c84e8]
Event: 0.676 Thread 0x0000022f2dd4be90 1506       3       com.sun.tools.javac.code.Types::isSignaturePolymorphic (111 bytes)

GC Heap History (20 events):
Event: 0.302 GC heap before
{Heap before GC invocations=2 (full 0):
 garbage-first heap   total 8192K, used 2896K [0x0000000082a00000, 0x0000000100000000)
  region size 1024K, 2 young (2048K), 1 survivors (1024K)
 Metaspace       used 6480K, committed 6656K, reserved 1114112K
  class space    used 759K, committed 832K, reserved 1048576K
}
Event: 0.303 GC heap after
{Heap after GC invocations=3 (full 0):
 garbage-first heap   total 8192K, used 2273K [0x0000000082a00000, 0x0000000100000000)
  region size 1024K, 1 young (1024K), 1 survivors (1024K)
 Metaspace       used 6480K, committed 6656K, reserved 1114112K
  class space    used 759K, committed 832K, reserved 1048576K
}
Event: 0.368 GC heap before
{Heap before GC invocations=3 (full 0):
 garbage-first heap   total 8192K, used 3297K [0x0000000082a00000, 0x0000000100000000)
  region size 1024K, 2 young (2048K), 1 survivors (1024K)
 Metaspace       used 7717K, committed 7936K, reserved 1114112K
  class space    used 865K, committed 960K, reserved 1048576K
}
Event: 0.369 GC heap after
{Heap after GC invocations=4 (full 0):
 garbage-first heap   total 8192K, used 2629K [0x0000000082a00000, 0x0000000100000000)
  region size 1024K, 1 young (1024K), 1 survivors (1024K)
 Metaspace       used 7717K, committed 7936K, reserved 1114112K
  class space    used 865K, committed 960K, reserved 1048576K
}
Event: 0.397 GC heap before
{Heap before GC invocations=4 (full 0):
 garbage-first heap   total 8192K, used 3653K [0x0000000082a00000, 0x0000000100000000)
  region size 1024K, 2 young (2048K), 1 survivors (1024K)
 Metaspace       used 7870K, committed 8000K, reserved 1114112K
  class space    used 872K, committed 960K, reserved 1048576K
}
Event: 0.399 GC heap after
{Heap after GC invocations=5 (full 0):
 garbage-first heap   total 10240K, used 2930K [0x0000000082a00000, 0x0000000100000000)
  region size 1024K, 1 young (1024K), 1 survivors (1024K)
 Metaspace       used 7870K, committed 8000K, reserved 1114112K
  class space    used 872K, committed 960K, reserved 1048576K
}
Event: 0.459 GC heap before
{Heap before GC invocations=5 (full 0):
 garbage-first heap   total 10240K, used 4978K [0x0000000082a00000, 0x0000000100000000)
  region size 1024K, 3 young (3072K), 1 survivors (1024K)
 Metaspace       used 8263K, committed 8512K, reserved 1114112K
  class space    used 912K, committed 1024K, reserved 1048576K
}
Event: 0.461 GC heap after
{Heap after GC invocations=6 (full 0):
 garbage-first heap   total 10240K, used 3511K [0x0000000082a00000, 0x0000000100000000)
  region size 1024K, 1 young (1024K), 1 survivors (1024K)
 Metaspace       used 8263K, committed 8512K, reserved 1114112K
  class space    used 912K, committed 1024K, reserved 1048576K
}
Event: 0.523 GC heap before
{Heap before GC invocations=6 (full 0):
 garbage-first heap   total 10240K, used 5559K [0x0000000082a00000, 0x0000000100000000)
  region size 1024K, 3 young (3072K), 1 survivors (1024K)
 Metaspace       used 8794K, committed 8896K, reserved 1114112K
  class space    used 978K, committed 1024K, reserved 1048576K
}
Event: 0.526 GC heap after
{Heap after GC invocations=7 (full 0):
 garbage-first heap   total 10240K, used 4574K [0x0000000082a00000, 0x0000000100000000)
  region size 1024K, 1 young (1024K), 1 survivors (1024K)
 Metaspace       used 8794K, committed 8896K, reserved 1114112K
  class space    used 978K, committed 1024K, reserved 1048576K
}
Event: 0.558 GC heap before
{Heap before GC invocations=7 (full 0):
 garbage-first heap   total 10240K, used 6622K [0x0000000082a00000, 0x0000000100000000)
  region size 1024K, 3 young (3072K), 1 survivors (1024K)
 Metaspace       used 8997K, committed 9216K, reserved 1114112K
  class space    used 999K, committed 1088K, reserved 1048576K
}
Event: 0.561 GC heap after
{Heap after GC invocations=8 (full 0):
 garbage-first heap   total 10240K, used 5094K [0x0000000082a00000, 0x0000000100000000)
  region size 1024K, 1 young (1024K), 1 survivors (1024K)
 Metaspace       used 8997K, committed 9216K, reserved 1114112K
  class space    used 999K, committed 1088K, reserved 1048576K
}
Event: 0.566 GC heap before
{Heap before GC invocations=8 (full 0):
 garbage-first heap   total 10240K, used 6118K [0x0000000082a00000, 0x0000000100000000)
  region size 1024K, 2 young (2048K), 1 survivors (1024K)
 Metaspace       used 9011K, committed 9216K, reserved 1114112K
  class space    used 1000K, committed 1088K, reserved 1048576K
}
Event: 0.567 GC heap after
{Heap after GC invocations=9 (full 0):
 garbage-first heap   total 16384K, used 5055K [0x0000000082a00000, 0x0000000100000000)
  region size 1024K, 1 young (1024K), 1 survivors (1024K)
 Metaspace       used 9011K, committed 9216K, reserved 1114112K
  class space    used 1000K, committed 1088K, reserved 1048576K
}
Event: 0.619 GC heap before
{Heap before GC invocations=10 (full 0):
 garbage-first heap   total 16384K, used 10175K [0x0000000082a00000, 0x0000000100000000)
  region size 1024K, 6 young (6144K), 1 survivors (1024K)
 Metaspace       used 9182K, committed 9344K, reserved 1114112K
  class space    used 1017K, committed 1088K, reserved 1048576K
}
Event: 0.622 GC heap after
{Heap after GC invocations=11 (full 0):
 garbage-first heap   total 16384K, used 5733K [0x0000000082a00000, 0x0000000100000000)
  region size 1024K, 1 young (1024K), 1 survivors (1024K)
 Metaspace       used 9182K, committed 9344K, reserved 1114112K
  class space    used 1017K, committed 1088K, reserved 1048576K
}
Event: 0.633 GC heap before
{Heap before GC invocations=11 (full 0):
 garbage-first heap   total 16384K, used 10853K [0x0000000082a00000, 0x0000000100000000)
  region size 1024K, 6 young (6144K), 1 survivors (1024K)
 Metaspace       used 9186K, committed 9344K, reserved 1114112K
  class space    used 1017K, committed 1088K, reserved 1048576K
}
Event: 0.637 GC heap after
{Heap after GC invocations=12 (full 0):
 garbage-first heap   total 16384K, used 6443K [0x0000000082a00000, 0x0000000100000000)
  region size 1024K, 1 young (1024K), 1 survivors (1024K)
 Metaspace       used 9186K, committed 9344K, reserved 1114112K
  class space    used 1017K, committed 1088K, reserved 1048576K
}
Event: 0.648 GC heap before
{Heap before GC invocations=12 (full 0):
 garbage-first heap   total 16384K, used 11563K [0x0000000082a00000, 0x0000000100000000)
  region size 1024K, 6 young (6144K), 1 survivors (1024K)
 Metaspace       used 9187K, committed 9344K, reserved 1114112K
  class space    used 1017K, committed 1088K, reserved 1048576K
}
Event: 0.650 GC heap after
{Heap after GC invocations=13 (full 0):
 garbage-first heap   total 16384K, used 7226K [0x0000000082a00000, 0x0000000100000000)
  region size 1024K, 1 young (1024K), 1 survivors (1024K)
 Metaspace       used 9187K, committed 9344K, reserved 1114112K
  class space    used 1017K, committed 1088K, reserved 1048576K
}

Dll operation events (6 events):
Event: 0.007 Loaded shared library C:\Program Files\Java\jdk-20\bin\java.dll
Event: 0.013 Loaded shared library C:\Program Files\Java\jdk-20\bin\jsvml.dll
Event: 0.064 Loaded shared library C:\Program Files\Java\jdk-20\bin\jimage.dll
Event: 0.130 Loaded shared library C:\Program Files\Java\jdk-20\bin\net.dll
Event: 0.131 Loaded shared library C:\Program Files\Java\jdk-20\bin\nio.dll
Event: 0.159 Loaded shared library C:\Program Files\Java\jdk-20\bin\zip.dll

Deoptimization events (20 events):
Event: 0.526 Thread 0x0000022f2dd3dcb0 Uncommon trap: trap_request=0xffffff45 fr.pc=0x0000022f21020fc8 relative=0x0000000000000048
Event: 0.526 Thread 0x0000022f2dd3dcb0 Uncommon trap: reason=unstable_if action=reinterpret pc=0x0000022f21020fc8 method=java.util.concurrent.locks.AbstractQueuedSynchronizer.signalNext(Ljava/util/concurrent/locks/AbstractQueuedSynchronizer$Node;)V @ 1 c2
Event: 0.526 Thread 0x0000022f2dd3dcb0 DEOPT PACKING pc=0x0000022f21020fc8 sp=0x0000004b457feec0
Event: 0.526 Thread 0x0000022f2dd3dcb0 DEOPT UNPACKING pc=0x0000022f20a99d22 sp=0x0000004b457fee50 mode 2
Event: 0.542 Thread 0x0000022f0f2ce5b0 Uncommon trap: trap_request=0xffffffc6 fr.pc=0x0000022f21014c5c relative=0x000000000000031c
Event: 0.542 Thread 0x0000022f0f2ce5b0 Uncommon trap: reason=bimorphic_or_optimized_type_check action=maybe_recompile pc=0x0000022f21014c5c method=java.util.HashMap.getNode(Ljava/lang/Object;)Ljava/util/HashMap$Node; @ 63 c2
Event: 0.542 Thread 0x0000022f0f2ce5b0 DEOPT PACKING pc=0x0000022f21014c5c sp=0x0000004b450fe630
Event: 0.542 Thread 0x0000022f0f2ce5b0 DEOPT UNPACKING pc=0x0000022f20a99d22 sp=0x0000004b450fe538 mode 2
Event: 0.655 Thread 0x0000022f0f2ce5b0 Uncommon trap: trap_request=0xffffff45 fr.pc=0x0000022f2101afec relative=0x000000000000006c
Event: 0.655 Thread 0x0000022f0f2ce5b0 Uncommon trap: reason=unstable_if action=reinterpret pc=0x0000022f2101afec method=com.sun.tools.javac.jvm.PoolReader.sizeof(I)I @ 1 c2
Event: 0.655 Thread 0x0000022f0f2ce5b0 DEOPT PACKING pc=0x0000022f2101afec sp=0x0000004b450fdbc0
Event: 0.655 Thread 0x0000022f0f2ce5b0 DEOPT UNPACKING pc=0x0000022f20a99d22 sp=0x0000004b450fdb50 mode 2
Event: 0.661 Thread 0x0000022f0f2ce5b0 Uncommon trap: trap_request=0xffffff45 fr.pc=0x0000022f21045604 relative=0x0000000000000a64
Event: 0.661 Thread 0x0000022f0f2ce5b0 Uncommon trap: reason=unstable_if action=reinterpret pc=0x0000022f21045604 method=com.sun.tools.javac.util.ArrayUtils.ensureCapacity([BI)[B @ 3 c2
Event: 0.661 Thread 0x0000022f0f2ce5b0 DEOPT PACKING pc=0x0000022f21045604 sp=0x0000004b450fddd0
Event: 0.661 Thread 0x0000022f0f2ce5b0 DEOPT UNPACKING pc=0x0000022f20a99d22 sp=0x0000004b450fdcf8 mode 2
Event: 0.673 Thread 0x0000022f0f2ce5b0 Uncommon trap: trap_request=0xffffff45 fr.pc=0x0000022f2103d858 relative=0x0000000000000058
Event: 0.673 Thread 0x0000022f0f2ce5b0 Uncommon trap: reason=unstable_if action=reinterpret pc=0x0000022f2103d858 method=com.sun.tools.javac.util.ArrayUtils.ensureCapacity([BI)[B @ 3 c2
Event: 0.673 Thread 0x0000022f0f2ce5b0 DEOPT PACKING pc=0x0000022f2103d858 sp=0x0000004b450fe2a0
Event: 0.673 Thread 0x0000022f0f2ce5b0 DEOPT UNPACKING pc=0x0000022f20a99d22 sp=0x0000004b450fe228 mode 2

Classes loaded (20 events):
Event: 0.506 Loading class java/nio/file/FileVisitResult
Event: 0.506 Loading class java/nio/file/FileVisitResult done
Event: 0.506 Loading class sun/nio/fs/BasicFileAttributesHolder
Event: 0.506 Loading class sun/nio/fs/BasicFileAttributesHolder done
Event: 0.535 Loading class java/util/ComparableTimSort
Event: 0.536 Loading class java/util/ComparableTimSort done
Event: 0.548 Loading class java/nio/file/Files$2
Event: 0.549 Loading class java/nio/file/Files$2 done
Event: 0.549 Loading class java/util/ImmutableCollections$Access
Event: 0.549 Loading class java/util/ImmutableCollections$Access done
Event: 0.549 Loading class java/util/ImmutableCollections$Access$1
Event: 0.549 Loading class jdk/internal/access/JavaUtilCollectionAccess
Event: 0.549 Loading class jdk/internal/access/JavaUtilCollectionAccess done
Event: 0.549 Loading class java/util/ImmutableCollections$Access$1 done
Event: 0.550 Loading class java/util/stream/Nodes$SpinedNodeBuilder
Event: 0.550 Loading class java/util/stream/Nodes$SpinedNodeBuilder done
Event: 0.650 Loading class java/util/LinkedList$Node
Event: 0.650 Loading class java/util/LinkedList$Node done
Event: 0.651 Loading class java/lang/invoke/MethodHandle$1
Event: 0.651 Loading class java/lang/invoke/MethodHandle$1 done

Classes unloaded (0 events):
No events

Classes redefined (0 events):
No events

Internal exceptions (20 events):
Event: 0.298 Thread 0x0000022f0f2ce5b0 Exception <a 'sun/nio/fs/WindowsException'{0x00000000831f3778}> (0x00000000831f3778) 
thrown [s\open\src\hotspot\share\prims\jni.cpp, line 519]
Event: 0.413 Thread 0x0000022f0f2ce5b0 Exception <a 'sun/nio/fs/WindowsException'{0x00000000833aff48}> (0x00000000833aff48) 
thrown [s\open\src\hotspot\share\prims\jni.cpp, line 519]
Event: 0.414 Thread 0x0000022f0f2ce5b0 Exception <a 'sun/nio/fs/WindowsException'{0x00000000833b08e8}> (0x00000000833b08e8) 
thrown [s\open\src\hotspot\share\prims\jni.cpp, line 519]
Event: 0.439 Thread 0x0000022f0f2ce5b0 Exception <a 'java/lang/NoSuchMethodError'{0x00000000832786c0}: 'java.lang.Object java.lang.invoke.DirectMethodHandle$Holder.invokeVirtual(java.lang.Object, java.lang.Object, java.lang.Object, int, int)'> (0x00000000832786c0) 
thrown [s\open\src\hotspot\share\interpreter\linkResolver.cpp, line 773]
Event: 0.440 Thread 0x0000022f0f2ce5b0 Exception <a 'java/lang/NoSuchMethodError'{0x000000008327f250}: 'java.lang.Object java.lang.invoke.DirectMethodHandle$Holder.invokeVirtual(java.lang.Object, java.lang.Object, int)'> (0x000000008327f250) 
thrown [s\open\src\hotspot\share\interpreter\linkResolver.cpp, line 773]
Event: 0.444 Thread 0x0000022f0f2ce5b0 Exception <a 'java/lang/NoSuchMethodError'{0x000000008329c890}: 'java.lang.Object java.lang.invoke.DirectMethodHandle$Holder.invokeSpecial(java.lang.Object, java.lang.Object, java.lang.Object, int, int)'> (0x000000008329c890) 
thrown [s\open\src\hotspot\share\interpreter\linkResolver.cpp, line 773]
Event: 0.535 Thread 0x0000022f0f2ce5b0 Exception <a 'java/lang/NoSuchMethodError'{0x000000008335b7d0}: 'void java.lang.invoke.DirectMethodHandle$Holder.invokeStatic(java.lang.Object, java.lang.Object)'> (0x000000008335b7d0) 
thrown [s\open\src\hotspot\share\interpreter\linkResolver.cpp, line 773]
Event: 0.536 Thread 0x0000022f0f2ce5b0 Exception <a 'sun/nio/fs/WindowsException'{0x0000000083365270}> (0x0000000083365270) 
thrown [s\open\src\hotspot\share\prims\jni.cpp, line 519]
Event: 0.537 Thread 0x0000022f0f2ce5b0 Exception <a 'sun/nio/fs/WindowsException'{0x000000008336a630}> (0x000000008336a630) 
thrown [s\open\src\hotspot\share\prims\jni.cpp, line 519]
Event: 0.587 Thread 0x0000022f0f2ce5b0 Exception <a 'sun/nio/fs/WindowsException'{0x00000000839ce128}> (0x00000000839ce128) 
thrown [s\open\src\hotspot\share\prims\jni.cpp, line 519]
Event: 0.587 Thread 0x0000022f0f2ce5b0 Exception <a 'sun/nio/fs/WindowsException'{0x00000000839cecb0}> (0x00000000839cecb0) 
thrown [s\open\src\hotspot\share\prims\jni.cpp, line 519]
Event: 0.587 Thread 0x0000022f0f2ce5b0 Exception <a 'sun/nio/fs/WindowsException'{0x00000000839cf640}> (0x00000000839cf640) 
thrown [s\open\src\hotspot\share\prims\jni.cpp, line 519]
Event: 0.587 Thread 0x0000022f0f2ce5b0 Exception <a 'sun/nio/fs/WindowsException'{0x00000000839cfe78}> (0x00000000839cfe78) 
thrown [s\open\src\hotspot\share\prims\jni.cpp, line 519]
Event: 0.588 Thread 0x0000022f0f2ce5b0 Exception <a 'java/lang/NoSuchMethodError'{0x00000000839d3a38}: 'int java.lang.invoke.DirectMethodHandle$Holder.invokeSpecial(java.lang.Object, java.lang.Object, java.lang.Object)'> (0x00000000839d3a38) 
thrown [s\open\src\hotspot\share\interpreter\linkResolver.cpp, line 773]
Event: 0.589 Thread 0x0000022f0f2ce5b0 Exception <a 'sun/nio/fs/WindowsException'{0x00000000839ded50}> (0x00000000839ded50) 
thrown [s\open\src\hotspot\share\prims\jni.cpp, line 519]
Event: 0.589 Thread 0x0000022f0f2ce5b0 Exception <a 'sun/nio/fs/WindowsException'{0x00000000839df838}> (0x00000000839df838) 
thrown [s\open\src\hotspot\share\prims\jni.cpp, line 519]
Event: 0.608 Thread 0x0000022f0f2ce5b0 Exception <a 'java/lang/NoSuchMethodError'{0x0000000083564188}: 'java.lang.Object java.lang.invoke.DirectMethodHandle$Holder.invokeStatic(java.lang.Object, java.lang.Object, int, int)'> (0x0000000083564188) 
thrown [s\open\src\hotspot\share\interpreter\linkResolver.cpp, line 773]
Event: 0.618 Thread 0x0000022f0f2ce5b0 Exception <a 'sun/nio/fs/WindowsException'{0x000000008359f000}> (0x000000008359f000) 
thrown [s\open\src\hotspot\share\prims\jni.cpp, line 519]
Event: 0.618 Thread 0x0000022f0f2ce5b0 Exception <a 'sun/nio/fs/WindowsException'{0x000000008359fae8}> (0x000000008359fae8) 
thrown [s\open\src\hotspot\share\prims\jni.cpp, line 519]
Event: 0.653 Thread 0x0000022f0f2ce5b0 Exception <a 'java/lang/NoSuchMethodError'{0x000000008391de18}: 'java.lang.Object java.lang.invoke.DirectMethodHandle$Holder.invokeInterface(java.lang.Object, java.lang.Object)'> (0x000000008391de18) 
thrown [s\open\src\hotspot\share\interpreter\linkResolver.cpp, line 773]

VM Operations (20 events):
Event: 0.415 Executing VM operation: HandshakeAllThreads
Event: 0.415 Executing VM operation: HandshakeAllThreads done
Event: 0.459 Executing VM operation: G1CollectForAllocation
Event: 0.461 Executing VM operation: G1CollectForAllocation done
Event: 0.523 Executing VM operation: G1CollectForAllocation
Event: 0.526 Executing VM operation: G1CollectForAllocation done
Event: 0.558 Executing VM operation: G1CollectForAllocation
Event: 0.561 Executing VM operation: G1CollectForAllocation done
Event: 0.566 Executing VM operation: G1CollectForAllocation
Event: 0.567 Executing VM operation: G1CollectForAllocation done
Event: 0.573 Executing VM operation: G1PauseRemark
Event: 0.575 Executing VM operation: G1PauseRemark done
Event: 0.577 Executing VM operation: G1PauseCleanup
Event: 0.577 Executing VM operation: G1PauseCleanup done
Event: 0.619 Executing VM operation: G1CollectForAllocation
Event: 0.622 Executing VM operation: G1CollectForAllocation done
Event: 0.633 Executing VM operation: G1CollectForAllocation
Event: 0.637 Executing VM operation: G1CollectForAllocation done
Event: 0.648 Executing VM operation: G1CollectForAllocation
Event: 0.650 Executing VM operation: G1CollectForAllocation done

Events (13 events):
Event: 0.014 Thread 0x0000022f0f2ce5b0 Thread added: 0x0000022f0f2ce5b0
Event: 0.026 Thread 0x0000022f2dd3dcb0 Thread added: 0x0000022f2dd3dcb0
Event: 0.026 Thread 0x0000022f2dd3fe50 Thread added: 0x0000022f2dd3fe50
Event: 0.027 Thread 0x0000022f2dd427a0 Thread added: 0x0000022f2dd427a0
Event: 0.027 Thread 0x0000022f2dd430e0 Thread added: 0x0000022f2dd430e0
Event: 0.027 Thread 0x0000022f2dd46a40 Thread added: 0x0000022f2dd46a40
Event: 0.027 Thread 0x0000022f2dd48390 Thread added: 0x0000022f2dd48390
Event: 0.027 Thread 0x0000022f2dd49f00 Thread added: 0x0000022f2dd49f00
Event: 0.027 Thread 0x0000022f2dd4be90 Thread added: 0x0000022f2dd4be90
Event: 0.045 Thread 0x0000022f2dd0c690 Thread added: 0x0000022f2dd0c690
Event: 0.061 Thread 0x0000022f320f79a0 Thread added: 0x0000022f320f79a0
Event: 0.361 Thread 0x0000022f32310760 Thread added: 0x0000022f32310760
Event: 0.408 Thread 0x0000022f32565c50 Thread added: 0x0000022f32565c50


Dynamic libraries:
0x00007ff767860000 - 0x00007ff767868000 	C:\Program Files\Java\jdk-20\bin\javac.exe
0x00007ff90e010000 - 0x00007ff90e224000 	C:\WINDOWS\SYSTEM32\ntdll.dll
0x00007ff90d1c0000 - 0x00007ff90d283000 	C:\WINDOWS\System32\KERNEL32.DLL
0x00007ff90b890000 - 0x00007ff90bc2c000 	C:\WINDOWS\System32\KERNELBASE.dll
0x00007ff9084b0000 - 0x00007ff908547000 	C:\WINDOWS\SYSTEM32\apphelp.dll
0x00007ff90b4d0000 - 0x00007ff90b5e1000 	C:\WINDOWS\System32\ucrtbase.dll
0x00007ff9067a0000 - 0x00007ff9067bb000 	C:\Program Files\Java\jdk-20\bin\VCRUNTIME140.dll
0x00007ff908200000 - 0x00007ff908219000 	C:\Program Files\Java\jdk-20\bin\jli.dll
0x00007ff90d110000 - 0x00007ff90d1be000 	C:\WINDOWS\System32\ADVAPI32.dll
0x00007ff90df20000 - 0x00007ff90dfc7000 	C:\WINDOWS\System32\msvcrt.dll
0x00007ff90c4c0000 - 0x00007ff90c564000 	C:\WINDOWS\System32\sechost.dll
0x00007ff90c3a0000 - 0x00007ff90c4b5000 	C:\WINDOWS\System32\RPCRT4.dll
0x00007ff90be60000 - 0x00007ff90c00d000 	C:\WINDOWS\System32\USER32.dll
0x00007ff90bdf0000 - 0x00007ff90be16000 	C:\WINDOWS\System32\win32u.dll
0x00007ff8f2670000 - 0x00007ff8f28fe000 	C:\WINDOWS\WinSxS\amd64_microsoft.windows.common-controls_6595b64144ccf1df_6.0.22621.608_none_a9444ca7c10bb01d\COMCTL32.dll
0x00007ff90be20000 - 0x00007ff90be49000 	C:\WINDOWS\System32\GDI32.dll
0x00007ff90bcd0000 - 0x00007ff90bde3000 	C:\WINDOWS\System32\gdi32full.dll
0x00007ff90bc30000 - 0x00007ff90bcca000 	C:\WINDOWS\System32\msvcp_win.dll
0x00007ff9042f0000 - 0x00007ff9042fa000 	C:\WINDOWS\SYSTEM32\VERSION.dll
0x00007ff90cfb0000 - 0x00007ff90cfe1000 	C:\WINDOWS\System32\IMM32.DLL
0x00007ff906830000 - 0x00007ff90683c000 	C:\Program Files\Java\jdk-20\bin\vcruntime140_1.dll
0x00007ff8ec630000 - 0x00007ff8ec6be000 	C:\Program Files\Java\jdk-20\bin\msvcp140.dll
0x00007ff8b9300000 - 0x00007ff8b9f97000 	C:\Program Files\Java\jdk-20\bin\server\jvm.dll
0x00007ff904350000 - 0x00007ff904384000 	C:\WINDOWS\SYSTEM32\WINMM.dll
0x00007ff8f7f50000 - 0x00007ff8f7f59000 	C:\WINDOWS\SYSTEM32\WSOCK32.dll
0x00007ff90dbd0000 - 0x00007ff90dc41000 	C:\WINDOWS\System32\WS2_32.dll
0x00007ff90a4a0000 - 0x00007ff90a4b8000 	C:\WINDOWS\SYSTEM32\kernel.appcore.dll
0x00007ff905590000 - 0x00007ff90559a000 	C:\Program Files\Java\jdk-20\bin\jimage.dll
0x00007ff908e90000 - 0x00007ff9090be000 	C:\WINDOWS\SYSTEM32\DBGHELP.DLL
0x00007ff90c010000 - 0x00007ff90c399000 	C:\WINDOWS\System32\combase.dll
0x00007ff90d450000 - 0x00007ff90d527000 	C:\WINDOWS\System32\OLEAUT32.dll
0x00007ff8f4520000 - 0x00007ff8f4552000 	C:\WINDOWS\SYSTEM32\dbgcore.DLL
0x00007ff90b450000 - 0x00007ff90b4cb000 	C:\WINDOWS\System32\bcryptPrimitives.dll
0x00007ff8f2ac0000 - 0x00007ff8f2ae6000 	C:\Program Files\Java\jdk-20\bin\java.dll
0x00007ff8ec4d0000 - 0x00007ff8ec5a7000 	C:\Program Files\Java\jdk-20\bin\jsvml.dll
0x00007ff90c730000 - 0x00007ff90cf20000 	C:\WINDOWS\System32\SHELL32.dll
0x00007ff909460000 - 0x00007ff909d2e000 	C:\WINDOWS\SYSTEM32\windows.storage.dll
0x00007ff909320000 - 0x00007ff90945e000 	C:\WINDOWS\SYSTEM32\wintypes.dll
0x00007ff90dad0000 - 0x00007ff90dbc1000 	C:\WINDOWS\System32\SHCORE.dll
0x00007ff90d290000 - 0x00007ff90d2ee000 	C:\WINDOWS\System32\shlwapi.dll
0x00007ff90b380000 - 0x00007ff90b3a1000 	C:\WINDOWS\SYSTEM32\profapi.dll
0x00007ff8faaa0000 - 0x00007ff8faab3000 	C:\Program Files\Java\jdk-20\bin\net.dll
0x00007ff9037f0000 - 0x00007ff90391f000 	C:\WINDOWS\SYSTEM32\WINHTTP.dll
0x00007ff90a910000 - 0x00007ff90a979000 	C:\WINDOWS\system32\mswsock.dll
0x00007ff8eeac0000 - 0x00007ff8eead6000 	C:\Program Files\Java\jdk-20\bin\nio.dll
0x00007ff8ec8f0000 - 0x00007ff8ec908000 	C:\Program Files\Java\jdk-20\bin\zip.dll

dbghelp: loaded successfully - version: 4.0.5 - missing functions: none
symbol engine: initialized successfully - sym options: 0x614 - pdb path: .;C:\Program Files\Java\jdk-20\bin;C:\WINDOWS\SYSTEM32;C:\WINDOWS\WinSxS\amd64_microsoft.windows.common-controls_6595b64144ccf1df_6.0.22621.608_none_a9444ca7c10bb01d;C:\Program Files\Java\jdk-20\bin\server

VM Arguments:
jvm_args: -Dapplication.home=C:\Program Files\Java\jdk-20 --add-modules=ALL-DEFAULT -Xms8m -Djdk.module.main=jdk.compiler 
java_command: jdk.compiler/com.sun.tools.javac.Main -d C:\Users\91898\Documents\NetBeansProjects\BANK MANAGEMENT SYSTEM\build\classes -classpath C:\Users\91898\Documents\NetBeansProjects\BANK MANAGEMENT SYSTEM\build\classes;C:\Users\91898\Downloads\jcalendar-tz-1.3.3-4.jar;C:\Users\91898\Downloads\mysql-connector-java-8.0.28.jar -sourcepath C:\Users\91898\Documents\NetBeansProjects\BANK MANAGEMENT SYSTEM\build\empty -target 20 -encoding UTF-8 -g -processorpath C:\Users\91898\Downloads\jcalendar-tz-1.3.3-4.jar;C:\Users\91898\Downloads\mysql-connector-java-8.0.28.jar;C:\Users\91898\Documents\NetBeansProjects\BANK MANAGEMENT SYSTEM\build\empty -s C:\Users\91898\Documents\NetBeansProjects\BANK MANAGEMENT SYSTEM\build\generated-sources\ap-source-output -source 20 C:\Users\91898\Documents\NetBeansProjects\BANK MANAGEMENT SYSTEM\src\bank\management\system\BalanceEnquiry.java C:\Users\91898\Documents\NetBeansProjects\BANK MANAGEMENT SYSTEM\src\bank\management\system\Conn.java C:\Users\91898\Documents\NetBeansProjects\BANK MANAGEMENT SYSTEM\src\bank\management\system\Deposit.java C:\Users\91898\Documents\NetBeansProjects\BANK MANAGEMENT SYSTEM\src\bank\management\system\FastCash.java C:\Users\91898\Documents\NetBeansProjects\BANK MANAGEMENT SYSTEM\src\bank\management\system\Login.java C:\Users\91898\Documents\NetBeansProjects\BANK MANAGEMENT SYSTEM\src\bank\management\system\MiniStatement.java C:\Users\91898\Documents\NetBeansProjects\BANK MANAGEMENT SYSTEM\src\bank\management\system\Pin.java C:\Users\91898\Documents\NetBeansProjects\BANK MANAGEMENT SYSTEM\src\bank\management\system\Practice.java C:\Users\91898\Documents\NetBeansProjects\BANK MANAGEMENT SYSTEM\src\bank\management\system\SignupOne.java C:\Users\91898\Documents\NetBeansProjects\BANK MANAGEMENT SYSTEM\src\bank\management\system\SignupThree.java C:\Users\91898\Documents\NetBeansProjects\BANK MANAGEMENT SYSTEM\src\bank\management\system\SignupTwo.java C:\Users\91898\Documents\NetBeansProjects\BANK MANAGEMENT SY
java_class_path (initial): <not set>
Launcher Type: SUN_STANDARD

[Global flags]
     intx CICompilerCount                          = 4                                         {product} {ergonomic}
     uint ConcGCThreads                            = 2                                         {product} {ergonomic}
     uint G1ConcRefinementThreads                  = 8                                         {product} {ergonomic}
   size_t G1HeapRegionSize                         = 1048576                                   {product} {ergonomic}
    uintx GCDrainStackTargetSize                   = 64                                        {product} {ergonomic}
   size_t InitialHeapSize                          = 8388608                                   {product} {command line}
   size_t MarkStackSize                            = 4194304                                   {product} {ergonomic}
   size_t MaxHeapSize                              = 2103443456                                {product} {ergonomic}
   size_t MaxNewSize                               = 1261436928                                {product} {ergonomic}
   size_t MinHeapDeltaBytes                        = 1048576                                   {product} {ergonomic}
   size_t MinHeapSize                              = 8388608                                   {product} {command line}
    uintx NonNMethodCodeHeapSize                   = 5839372                                {pd product} {ergonomic}
    uintx NonProfiledCodeHeapSize                  = 122909434                              {pd product} {ergonomic}
    uintx ProfiledCodeHeapSize                     = 122909434                              {pd product} {ergonomic}
    uintx ReservedCodeCacheSize                    = 251658240                              {pd product} {ergonomic}
     bool SegmentedCodeCache                       = true                                      {product} {ergonomic}
   size_t SoftMaxHeapSize                          = 2103443456                             {manageable} {ergonomic}
     bool UseCompressedClassPointers               = true                           {product lp64_product} {ergonomic}
     bool UseCompressedOops                        = true                           {product lp64_product} {ergonomic}
     bool UseG1GC                                  = true                                      {product} {ergonomic}
     bool UseLargePagesIndividualAllocation        = false                                  {pd product} {ergonomic}

Logging:
Log output configuration:
 #0: stdout all=warning uptime,level,tags foldmultilines=false
 #1: stderr all=off uptime,level,tags foldmultilines=false

Environment Variables:
PATH=C:\Program Files\Common Files\Oracle\Java\javapath;C:\WINDOWS\system32;C:\WINDOWS;C:\WINDOWS\System32\Wbem;C:\WINDOWS\System32\WindowsPowerShell\v1.0\;C:\WINDOWS\System32\OpenSSH\;C:\Program Files\nodejs\;C:\Users\91898\AppData\Local\Microsoft\WindowsApps;C:\Users\91898\AppData\Local\atom\bin;C:\Users\91898\AppData\Local\Microsoft\WindowsApps;;C:\Users\91898\AppData\Local\Programs\Microsoft VS Code\bin;C:\Users\91898\AppData\Roaming\npm
USERNAME=Gaurav Suman
OS=Windows_NT
PROCESSOR_IDENTIFIER=Intel64 Family 6 Model 142 Stepping 12, GenuineIntel
TMP=C:\Users\91898\AppData\Local\Temp
TEMP=C:\Users\91898\AppData\Local\Temp




---------------  S Y S T E M  ---------------

OS:
 Windows 11 , 64 bit Build 22621 (10.0.22621.1344)
OS uptime: 13 days 4:16 hours

CPU: total 8 (initial active 8) (4 cores per cpu, 2 threads per core) family 6 model 142 stepping 12 microcode 0xde, cx8, cmov, fxsr, ht, mmx, 3dnowpref, sse, sse2, sse3, ssse3, sse4.1, sse4.2, popcnt, lzcnt, tsc, tscinvbit, avx, avx2, aes, erms, clmul, bmi1, bmi2, adx, fma, vzeroupper, clflush, clflushopt, rdtscp, f16c

Memory: 4k page, system-wide physical 8016M (851M free)
TotalPageFile size 26782M (AvailPageFile size 4M)
current process WorkingSet (physical memory assigned to process): 85M, peak: 85M
current process commit charge ("private bytes"): 119M, peak: 136M

vm_info: Java HotSpot(TM) 64-Bit Server VM (20+36-2344) for windows-amd64 JRE (20+36-2344), built on 2023-02-10T19:30:15Z by "mach5one" with MS VC++ 17.1 (VS2022)

END.
